\BOOKMARK [0][-]{chapter*.1}{Agradecimentos}{}% 1
\BOOKMARK [0][-]{chapter*.2}{Resumo}{}% 2
\BOOKMARK [0][-]{chapter*.3}{Abstract}{}% 3
\BOOKMARK [0][-]{chapter.1}{Introdu\347\343o}{}% 4
\BOOKMARK [0][-]{chapter.2}{Conceitos Relacionados}{}% 5
\BOOKMARK [1][-]{section.2.1}{Ci\352ncia de Dados e Engenharia de Dados}{chapter.2}% 6
\BOOKMARK [1][-]{section.2.2}{Machine Learning}{chapter.2}% 7
\BOOKMARK [2][-]{subsection.2.2.1}{M\351tricas de Avalia\347\343o}{section.2.2}% 8
\BOOKMARK [2][-]{subsection.2.2.2}{Algoritmos}{section.2.2}% 9
\BOOKMARK [1][-]{section.2.3}{Fairness em Machine Learning}{chapter.2}% 10
\BOOKMARK [2][-]{subsection.2.3.1}{M\351tricas de Fairness}{section.2.3}% 11
\BOOKMARK [2][-]{subsection.2.3.2}{Algoritmos para redu\347\343o de vieses}{section.2.3}% 12
\BOOKMARK [1][-]{section.2.4}{Engenharia de Software}{chapter.2}% 13
\BOOKMARK [2][-]{subsection.2.4.1}{Engenharia de Software para Aplica\347\365es de IA}{section.2.4}% 14
\BOOKMARK [1][-]{section.2.5}{Proveni\352ncia de Dados}{chapter.2}% 15
\BOOKMARK [1][-]{section.2.6}{Arquitetura de Software}{chapter.2}% 16
\BOOKMARK [2][-]{subsection.2.6.1}{Arquitetura MAPE-K}{section.2.6}% 17
\BOOKMARK [2][-]{subsection.2.6.2}{Arquitetura Pipe-and-Filter}{section.2.6}% 18
\BOOKMARK [0][-]{chapter.3}{Metodologia}{}% 19
\BOOKMARK [1][-]{section.3.1}{Detalhamento do processo e diagramas elaborados}{chapter.3}% 20
\BOOKMARK [1][-]{section.3.2}{Arquitetura do c\363digo}{chapter.3}% 21
\BOOKMARK [1][-]{section.3.3}{Experimentos e limita\347\365es}{chapter.3}% 22
\BOOKMARK [0][-]{chapter.4}{Resultados e Discuss\365es}{}% 23
\BOOKMARK [0][-]{chapter.5}{Conclus\365es}{}% 24
\BOOKMARK [0][-]{appendix.A}{Conceitos complementares}{}% 25
\BOOKMARK [1][-]{section.A.1}{AI Explainability}{appendix.A}% 26
\BOOKMARK [1][-]{section.A.2}{Fluent API}{appendix.A}% 27
