This is pdfTeX, Version 3.14159265-2.6-1.40.21 (MiKTeX 20.6.29) (preloaded format=pdflatex 2020.8.12)  24 JUL 2022 03:27
entering extended mode
**./thesis.tex
(thesis.tex
LaTeX2e <2020-02-02> patch level 5
L3 programming layer <2020-06-18>
("C:/Users/Thales E. Nazatto/texmf\tex/latex\ic-tese\ic-tese.cls"
Document Class: ic-tese 
ic-tese
ic-tese: portugues.
("C:\Program Files\MiKTeX\tex/latex/base\book.cls"
Document Class: book 2019/12/20 v1.4l Standard LaTeX document class
("C:\Program Files\MiKTeX\tex/latex/base\bk12.clo"
File: bk12.clo 2019/12/20 v1.4l Standard LaTeX file (size option)
)
\c@part=\count167
\c@chapter=\count168
\c@section=\count169
\c@subsection=\count170
\c@subsubsection=\count171
\c@paragraph=\count172
\c@subparagraph=\count173
\c@figure=\count174
\c@table=\count175
\abovecaptionskip=\skip47
\belowcaptionskip=\skip48
\bibindent=\dimen134
)
("C:\Program Files\MiKTeX\tex/generic/babel\babel.sty"
Package: babel 2020/06/10 3.45 The Babel package

("C:\Program Files\MiKTeX\tex/generic/babel\babel.def"
File: babel.def 2020/06/10 3.45 Babel common definitions
\babel@savecnt=\count176
\U@D=\dimen135
\l@babelnohyphens=\language79

("C:\Program Files\MiKTeX\tex/generic/babel\txtbabel.def")
\bbl@readstream=\read2
)
\bbl@dirlevel=\count177

*************************************
* Local config file bblopts.cfg used
*
("C:\Program Files\MiKTeX\tex/latex/arabi\bblopts.cfg"
File: bblopts.cfg 2005/09/08 v0.1 add Arabic and Farsi to "declared" options of
 babel
)
("C:\Program Files\MiKTeX\tex/latex/babel-english\english.ldf"
Language: english 2017/06/06 v3.3r English support from the babel system
Package babel Info: \l@canadian = using hyphenrules for english
(babel)             (\language0) on input line 102.
Package babel Info: \l@australian = using hyphenrules for ukenglish
(babel)             (\language73) on input line 105.
Package babel Info: \l@newzealand = using hyphenrules for ukenglish
(babel)             (\language73) on input line 108.
)
("C:\Program Files\MiKTeX\tex/latex/babel-spanish\spanish.ldf"
Language: spanish.ldf 2016/03/03 v5.0p Spanish support from the babel system
\es@quottoks=\toks15
\es@quotdepth=\count178
Package babel Info: Making " an active character on input line 561.
Package babel Info: Making . an active character on input line 662.
Package babel Info: Making < an active character on input line 707.
Package babel Info: Making > an active character on input line 707.
)
("C:\Program Files\MiKTeX\tex/latex/babel-portuges\brazil.ldf"
Language: portuges 2020/05/04 v1.2r Portuguese support from the babel system
Package babel Info: \l@brazil = using hyphenrules for portuguese
(babel)             (\language56) on input line 111.
))
("C:\Program Files\MiKTeX\tex/latex/base\fontenc.sty"
Package: fontenc 2020/02/11 v2.0o Standard LaTeX package
)
("C:\Program Files\MiKTeX\tex/latex/graphics\graphicx.sty"
Package: graphicx 2019/11/30 v1.2a Enhanced LaTeX Graphics (DPC,SPQR)

("C:\Program Files\MiKTeX\tex/latex/graphics\keyval.sty"
Package: keyval 2014/10/28 v1.15 key=value parser (DPC)
\KV@toks@=\toks16
)
("C:\Program Files\MiKTeX\tex/latex/graphics\graphics.sty"
Package: graphics 2019/11/30 v1.4a Standard LaTeX Graphics (DPC,SPQR)

("C:\Program Files\MiKTeX\tex/latex/graphics\trig.sty"
Package: trig 2016/01/03 v1.10 sin cos tan (DPC)
)
("C:\Program Files\MiKTeX\tex/latex/graphics-cfg\graphics.cfg"
File: graphics.cfg 2016/06/04 v1.11 sample graphics configuration
)
Package graphics Info: Driver file: pdftex.def on input line 105.

("C:\Program Files\MiKTeX\tex/latex/graphics-def\pdftex.def"
File: pdftex.def 2018/01/08 v1.0l Graphics/color driver for pdftex
))
\Gin@req@height=\dimen136
\Gin@req@width=\dimen137
)
("C:\Program Files\MiKTeX\tex/latex/pdfpages\pdfpages.sty"
Package: pdfpages 2020/01/28 v0.5q Insert pages of external PDF documents (AM)

("C:\Program Files\MiKTeX\tex/latex/base\ifthen.sty"
Package: ifthen 2014/09/29 v1.1c Standard LaTeX ifthen package (DPC)
)
("C:\Program Files\MiKTeX\tex/latex/tools\calc.sty"
Package: calc 2017/05/25 v4.3 Infix arithmetic (KKT,FJ)
\calc@Acount=\count179
\calc@Bcount=\count180
\calc@Adimen=\dimen138
\calc@Bdimen=\dimen139
\calc@Askip=\skip49
\calc@Bskip=\skip50
LaTeX Info: Redefining \setlength on input line 80.
LaTeX Info: Redefining \addtolength on input line 81.
\calc@Ccount=\count181
\calc@Cskip=\skip51
)
("C:\Program Files\MiKTeX\tex/latex/eso-pic\eso-pic.sty"
Package: eso-pic 2018/04/12 v2.0h eso-pic (RN)

("C:\Program Files\MiKTeX\tex/generic/atbegshi\atbegshi.sty"
Package: atbegshi 2019/12/05 v1.19 At begin shipout hook (HO)

("C:\Program Files\MiKTeX\tex/generic/infwarerr\infwarerr.sty"
Package: infwarerr 2019/12/03 v1.5 Providing info/warning/error messages (HO)
)
("C:\Program Files\MiKTeX\tex/generic/ltxcmds\ltxcmds.sty"
Package: ltxcmds 2019/12/15 v1.24 LaTeX kernel commands for general use (HO)
)
("C:\Program Files\MiKTeX\tex/generic/iftex\iftex.sty"
Package: iftex 2020/03/06 v1.0d TeX engine tests
))
("C:\Program Files\MiKTeX\tex/latex/xcolor\xcolor.sty"
Package: xcolor 2016/05/11 v2.12 LaTeX color extensions (UK)

("C:\Program Files\MiKTeX\tex/latex/graphics-cfg\color.cfg"
File: color.cfg 2016/01/02 v1.6 sample color configuration
)
Package xcolor Info: Driver file: pdftex.def on input line 225.

("C:\Program Files\MiKTeX\tex/latex/colortbl\colortbl.sty"
Package: colortbl 2020/01/04 v1.0e Color table columns (DPC)

("C:\Program Files\MiKTeX\tex/latex/tools\array.sty"
Package: array 2019/08/31 v2.4l Tabular extension package (FMi)
\col@sep=\dimen140
\ar@mcellbox=\box45
\extrarowheight=\dimen141
\NC@list=\toks17
\extratabsurround=\skip52
\backup@length=\skip53
\ar@cellbox=\box46
)
\everycr=\toks18
\minrowclearance=\skip54
)
\rownum=\count182
Package xcolor Info: Model `cmy' substituted by `cmy0' on input line 1348.
Package xcolor Info: Model `hsb' substituted by `rgb' on input line 1352.
Package xcolor Info: Model `RGB' extended on input line 1364.
Package xcolor Info: Model `HTML' substituted by `rgb' on input line 1366.
Package xcolor Info: Model `Hsb' substituted by `hsb' on input line 1367.
Package xcolor Info: Model `tHsb' substituted by `hsb' on input line 1368.
Package xcolor Info: Model `HSB' substituted by `hsb' on input line 1369.
Package xcolor Info: Model `Gray' substituted by `gray' on input line 1370.
Package xcolor Info: Model `wave' substituted by `hsb' on input line 1371.
))
\AM@pagewidth=\dimen142
\AM@pageheight=\dimen143

("C:\Program Files\MiKTeX\tex/latex/pdfpages\pppdftex.def"
File: pppdftex.def 2020/01/28 v0.5q Pdfpages driver for pdfTeX (AM)
)
\AM@pagebox=\box47
\AM@global@opts=\toks19
\AM@pagecnt=\count183
\AM@toc@title=\toks20
\c@AM@survey=\count184
\AM@templatesizebox=\box48
)
("C:\Program Files\MiKTeX\tex/latex/tools\xspace.sty"
Package: xspace 2014/10/28 v1.13 Space after command names (DPC,MH)
)
("C:\Program Files\MiKTeX\tex/latex/setspace\setspace.sty"
Package: setspace 2011/12/19 v6.7a set line spacing
)
("C:\Program Files\MiKTeX\tex/latex/geometry\geometry.sty"
Package: geometry 2020/01/02 v5.9 Page Geometry

("C:\Program Files\MiKTeX\tex/generic/iftex\ifvtex.sty"
Package: ifvtex 2019/10/25 v1.7 ifvtex legacy package. Use iftex instead.
)
\Gm@cnth=\count185
\Gm@cntv=\count186
\c@Gm@tempcnt=\count187
\Gm@bindingoffset=\dimen144
\Gm@wd@mp=\dimen145
\Gm@odd@mp=\dimen146
\Gm@even@mp=\dimen147
\Gm@layoutwidth=\dimen148
\Gm@layoutheight=\dimen149
\Gm@layouthoffset=\dimen150
\Gm@layoutvoffset=\dimen151
\Gm@dimlist=\toks21

("C:\Program Files\MiKTeX\tex/latex/geometry\geometry.cfg"))
("C:\Program Files\MiKTeX\tex/latex/fancyhdr\fancyhdr.sty"
Package: fancyhdr 2019/01/31 v3.10 Extensive control of page headers and footer
s
\f@nch@headwidth=\skip55
\f@nch@O@elh=\skip56
\f@nch@O@erh=\skip57
\f@nch@O@olh=\skip58
\f@nch@O@orh=\skip59
\f@nch@O@elf=\skip60
\f@nch@O@erf=\skip61
\f@nch@O@olf=\skip62
\f@nch@O@orf=\skip63
)
("C:/Users/Thales E. Nazatto/texmf\tex/latex\ic-tese\logos.sty"
Package: logos 

("C:\Program Files\MiKTeX\tex/latex/pgf/frontendlayer\tikz.sty"
("C:\Program Files\MiKTeX\tex/latex/pgf/basiclayer\pgf.sty"
("C:\Program Files\MiKTeX\tex/latex/pgf/utilities\pgfrcs.sty"
("C:\Program Files\MiKTeX\tex/generic/pgf/utilities\pgfutil-common.tex"
\pgfutil@everybye=\toks22
\pgfutil@tempdima=\dimen152
\pgfutil@tempdimb=\dimen153

("C:\Program Files\MiKTeX\tex/generic/pgf/utilities\pgfutil-common-lists.tex"))
("C:\Program Files\MiKTeX\tex/generic/pgf/utilities\pgfutil-latex.def"
\pgfutil@abb=\box49

("C:\Program Files\MiKTeX\tex/latex/ms\everyshi.sty"
Package: everyshi 2001/05/15 v3.00 EveryShipout Package (MS)
))
("C:\Program Files\MiKTeX\tex/generic/pgf/utilities\pgfrcs.code.tex"
("C:\Program Files\MiKTeX\tex/generic/pgf\pgf.revision.tex")
Package: pgfrcs 2020/01/08 v3.1.5b (3.1.5b)
))
Package: pgf 2020/01/08 v3.1.5b (3.1.5b)

("C:\Program Files\MiKTeX\tex/latex/pgf/basiclayer\pgfcore.sty"
("C:\Program Files\MiKTeX\tex/latex/pgf/systemlayer\pgfsys.sty"
("C:\Program Files\MiKTeX\tex/generic/pgf/systemlayer\pgfsys.code.tex"
Package: pgfsys 2020/01/08 v3.1.5b (3.1.5b)

("C:\Program Files\MiKTeX\tex/generic/pgf/utilities\pgfkeys.code.tex"
\pgfkeys@pathtoks=\toks23
\pgfkeys@temptoks=\toks24

("C:\Program Files\MiKTeX\tex/generic/pgf/utilities\pgfkeysfiltered.code.tex"
\pgfkeys@tmptoks=\toks25
))
\pgf@x=\dimen154
\pgf@y=\dimen155
\pgf@xa=\dimen156
\pgf@ya=\dimen157
\pgf@xb=\dimen158
\pgf@yb=\dimen159
\pgf@xc=\dimen160
\pgf@yc=\dimen161
\pgf@xd=\dimen162
\pgf@yd=\dimen163
\w@pgf@writea=\write3
\r@pgf@reada=\read3
\c@pgf@counta=\count188
\c@pgf@countb=\count189
\c@pgf@countc=\count190
\c@pgf@countd=\count191
\t@pgf@toka=\toks26
\t@pgf@tokb=\toks27
\t@pgf@tokc=\toks28
\pgf@sys@id@count=\count192
("C:\Program Files\MiKTeX\tex/generic/pgf/systemlayer\pgf.cfg"
File: pgf.cfg 2020/01/08 v3.1.5b (3.1.5b)
)
Driver file for pgf: pgfsys-pdftex.def

("C:\Program Files\MiKTeX\tex/generic/pgf/systemlayer\pgfsys-pdftex.def"
File: pgfsys-pdftex.def 2020/01/08 v3.1.5b (3.1.5b)

("C:\Program Files\MiKTeX\tex/generic/pgf/systemlayer\pgfsys-common-pdf.def"
File: pgfsys-common-pdf.def 2020/01/08 v3.1.5b (3.1.5b)
))) ("C:\Program Files\MiKTeX\tex/generic/pgf/systemlayer\pgfsyssoftpath.code.t
ex"
File: pgfsyssoftpath.code.tex 2020/01/08 v3.1.5b (3.1.5b)
\pgfsyssoftpath@smallbuffer@items=\count193
\pgfsyssoftpath@bigbuffer@items=\count194
) ("C:\Program Files\MiKTeX\tex/generic/pgf/systemlayer\pgfsysprotocol.code.tex
"
File: pgfsysprotocol.code.tex 2020/01/08 v3.1.5b (3.1.5b)
)) ("C:\Program Files\MiKTeX\tex/generic/pgf/basiclayer\pgfcore.code.tex"
Package: pgfcore 2020/01/08 v3.1.5b (3.1.5b)

("C:\Program Files\MiKTeX\tex/generic/pgf/math\pgfmath.code.tex"
("C:\Program Files\MiKTeX\tex/generic/pgf/math\pgfmathcalc.code.tex"
("C:\Program Files\MiKTeX\tex/generic/pgf/math\pgfmathutil.code.tex")
("C:\Program Files\MiKTeX\tex/generic/pgf/math\pgfmathparser.code.tex"
\pgfmath@dimen=\dimen164
\pgfmath@count=\count195
\pgfmath@box=\box50
\pgfmath@toks=\toks29
\pgfmath@stack@operand=\toks30
\pgfmath@stack@operation=\toks31
)
("C:\Program Files\MiKTeX\tex/generic/pgf/math\pgfmathfunctions.code.tex"
("C:\Program Files\MiKTeX\tex/generic/pgf/math\pgfmathfunctions.basic.code.tex"
)
("C:\Program Files\MiKTeX\tex/generic/pgf/math\pgfmathfunctions.trigonometric.c
ode.tex")
("C:\Program Files\MiKTeX\tex/generic/pgf/math\pgfmathfunctions.random.code.tex
")
("C:\Program Files\MiKTeX\tex/generic/pgf/math\pgfmathfunctions.comparison.code
.tex")
("C:\Program Files\MiKTeX\tex/generic/pgf/math\pgfmathfunctions.base.code.tex")
("C:\Program Files\MiKTeX\tex/generic/pgf/math\pgfmathfunctions.round.code.tex"
) ("C:\Program Files\MiKTeX\tex/generic/pgf/math\pgfmathfunctions.misc.code.tex
")
("C:\Program Files\MiKTeX\tex/generic/pgf/math\pgfmathfunctions.integerarithmet
ics.code.tex")))
("C:\Program Files\MiKTeX\tex/generic/pgf/math\pgfmathfloat.code.tex"
\c@pgfmathroundto@lastzeros=\count196
))
("C:\Program Files\MiKTeX\tex/generic/pgf/math\pgfint.code.tex")
("C:\Program Files\MiKTeX\tex/generic/pgf/basiclayer\pgfcorepoints.code.tex"
File: pgfcorepoints.code.tex 2020/01/08 v3.1.5b (3.1.5b)
\pgf@picminx=\dimen165
\pgf@picmaxx=\dimen166
\pgf@picminy=\dimen167
\pgf@picmaxy=\dimen168
\pgf@pathminx=\dimen169
\pgf@pathmaxx=\dimen170
\pgf@pathminy=\dimen171
\pgf@pathmaxy=\dimen172
\pgf@xx=\dimen173
\pgf@xy=\dimen174
\pgf@yx=\dimen175
\pgf@yy=\dimen176
\pgf@zx=\dimen177
\pgf@zy=\dimen178
)
("C:\Program Files\MiKTeX\tex/generic/pgf/basiclayer\pgfcorepathconstruct.code.
tex"
File: pgfcorepathconstruct.code.tex 2020/01/08 v3.1.5b (3.1.5b)
\pgf@path@lastx=\dimen179
\pgf@path@lasty=\dimen180
)
("C:\Program Files\MiKTeX\tex/generic/pgf/basiclayer\pgfcorepathusage.code.tex"
File: pgfcorepathusage.code.tex 2020/01/08 v3.1.5b (3.1.5b)
\pgf@shorten@end@additional=\dimen181
\pgf@shorten@start@additional=\dimen182
) ("C:\Program Files\MiKTeX\tex/generic/pgf/basiclayer\pgfcorescopes.code.tex"
File: pgfcorescopes.code.tex 2020/01/08 v3.1.5b (3.1.5b)
\pgfpic=\box51
\pgf@hbox=\box52
\pgf@layerbox@main=\box53
\pgf@picture@serial@count=\count197
)
("C:\Program Files\MiKTeX\tex/generic/pgf/basiclayer\pgfcoregraphicstate.code.t
ex"
File: pgfcoregraphicstate.code.tex 2020/01/08 v3.1.5b (3.1.5b)
\pgflinewidth=\dimen183
)
("C:\Program Files\MiKTeX\tex/generic/pgf/basiclayer\pgfcoretransformations.cod
e.tex"
File: pgfcoretransformations.code.tex 2020/01/08 v3.1.5b (3.1.5b)
\pgf@pt@x=\dimen184
\pgf@pt@y=\dimen185
\pgf@pt@temp=\dimen186
)
("C:\Program Files\MiKTeX\tex/generic/pgf/basiclayer\pgfcorequick.code.tex"
File: pgfcorequick.code.tex 2020/01/08 v3.1.5b (3.1.5b)
)
("C:\Program Files\MiKTeX\tex/generic/pgf/basiclayer\pgfcoreobjects.code.tex"
File: pgfcoreobjects.code.tex 2020/01/08 v3.1.5b (3.1.5b)
)
("C:\Program Files\MiKTeX\tex/generic/pgf/basiclayer\pgfcorepathprocessing.code
.tex"
File: pgfcorepathprocessing.code.tex 2020/01/08 v3.1.5b (3.1.5b)
)
("C:\Program Files\MiKTeX\tex/generic/pgf/basiclayer\pgfcorearrows.code.tex"
File: pgfcorearrows.code.tex 2020/01/08 v3.1.5b (3.1.5b)
\pgfarrowsep=\dimen187
)
("C:\Program Files\MiKTeX\tex/generic/pgf/basiclayer\pgfcoreshade.code.tex"
File: pgfcoreshade.code.tex 2020/01/08 v3.1.5b (3.1.5b)
\pgf@max=\dimen188
\pgf@sys@shading@range@num=\count198
\pgf@shadingcount=\count199
)
("C:\Program Files\MiKTeX\tex/generic/pgf/basiclayer\pgfcoreimage.code.tex"
File: pgfcoreimage.code.tex 2020/01/08 v3.1.5b (3.1.5b)

("C:\Program Files\MiKTeX\tex/generic/pgf/basiclayer\pgfcoreexternal.code.tex"
File: pgfcoreexternal.code.tex 2020/01/08 v3.1.5b (3.1.5b)
\pgfexternal@startupbox=\box54
)) ("C:\Program Files\MiKTeX\tex/generic/pgf/basiclayer\pgfcorelayers.code.tex"
File: pgfcorelayers.code.tex 2020/01/08 v3.1.5b (3.1.5b)
)
("C:\Program Files\MiKTeX\tex/generic/pgf/basiclayer\pgfcoretransparency.code.t
ex"
File: pgfcoretransparency.code.tex 2020/01/08 v3.1.5b (3.1.5b)
)
("C:\Program Files\MiKTeX\tex/generic/pgf/basiclayer\pgfcorepatterns.code.tex"
File: pgfcorepatterns.code.tex 2020/01/08 v3.1.5b (3.1.5b)
) ("C:\Program Files\MiKTeX\tex/generic/pgf/basiclayer\pgfcorerdf.code.tex"
File: pgfcorerdf.code.tex 2020/01/08 v3.1.5b (3.1.5b)
)))
("C:\Program Files\MiKTeX\tex/generic/pgf/modules\pgfmoduleshapes.code.tex"
File: pgfmoduleshapes.code.tex 2020/01/08 v3.1.5b (3.1.5b)
\pgfnodeparttextbox=\box55
)
("C:\Program Files\MiKTeX\tex/generic/pgf/modules\pgfmoduleplot.code.tex"
File: pgfmoduleplot.code.tex 2020/01/08 v3.1.5b (3.1.5b)
)
("C:\Program Files\MiKTeX\tex/latex/pgf/compatibility\pgfcomp-version-0-65.sty"
Package: pgfcomp-version-0-65 2020/01/08 v3.1.5b (3.1.5b)
\pgf@nodesepstart=\dimen189
\pgf@nodesepend=\dimen190
) ("C:\Program Files\MiKTeX\tex/latex/pgf/compatibility\pgfcomp-version-1-18.st
y"
Package: pgfcomp-version-1-18 2020/01/08 v3.1.5b (3.1.5b)
)) ("C:\Program Files\MiKTeX\tex/latex/pgf/utilities\pgffor.sty"
("C:\Program Files\MiKTeX\tex/latex/pgf/utilities\pgfkeys.sty"
("C:\Program Files\MiKTeX\tex/generic/pgf/utilities\pgfkeys.code.tex"))
("C:\Program Files\MiKTeX\tex/latex/pgf/math\pgfmath.sty"
("C:\Program Files\MiKTeX\tex/generic/pgf/math\pgfmath.code.tex"))
("C:\Program Files\MiKTeX\tex/generic/pgf/utilities\pgffor.code.tex"
Package: pgffor 2020/01/08 v3.1.5b (3.1.5b)

("C:\Program Files\MiKTeX\tex/generic/pgf/math\pgfmath.code.tex")
\pgffor@iter=\dimen191
\pgffor@skip=\dimen192
\pgffor@stack=\toks32
\pgffor@toks=\toks33
))
("C:\Program Files\MiKTeX\tex/generic/pgf/frontendlayer/tikz\tikz.code.tex"
Package: tikz 2020/01/08 v3.1.5b (3.1.5b)

("C:\Program Files\MiKTeX\tex/generic/pgf/libraries\pgflibraryplothandlers.code
.tex"
File: pgflibraryplothandlers.code.tex 2020/01/08 v3.1.5b (3.1.5b)
\pgf@plot@mark@count=\count266
\pgfplotmarksize=\dimen193
)
\tikz@lastx=\dimen194
\tikz@lasty=\dimen195
\tikz@lastxsaved=\dimen196
\tikz@lastysaved=\dimen197
\tikz@lastmovetox=\dimen198
\tikz@lastmovetoy=\dimen199
\tikzleveldistance=\dimen256
\tikzsiblingdistance=\dimen257
\tikz@figbox=\box56
\tikz@figbox@bg=\box57
\tikz@tempbox=\box58
\tikz@tempbox@bg=\box59
\tikztreelevel=\count267
\tikznumberofchildren=\count268
\tikznumberofcurrentchild=\count269
\tikz@fig@count=\count270

("C:\Program Files\MiKTeX\tex/generic/pgf/modules\pgfmodulematrix.code.tex"
File: pgfmodulematrix.code.tex 2020/01/08 v3.1.5b (3.1.5b)
\pgfmatrixcurrentrow=\count271
\pgfmatrixcurrentcolumn=\count272
\pgf@matrix@numberofcolumns=\count273
)
\tikz@expandcount=\count274

("C:\Program Files\MiKTeX\tex/generic/pgf/frontendlayer/tikz/libraries\tikzlibr
arytopaths.code.tex"
File: tikzlibrarytopaths.code.tex 2020/01/08 v3.1.5b (3.1.5b)
)))
("C:\Program Files\MiKTeX\tex/latex/etoolbox\etoolbox.sty"
Package: etoolbox 2019/09/21 v2.5h e-TeX tools for LaTeX (JAW)
\etb@tempcnta=\count275
))
("C:/Users/Thales E. Nazatto/texmf\tex/latex\ic-tese\logos/IC3D.logo")
("C:/Users/Thales E. Nazatto/texmf\tex/latex\ic-tese\logos/UNICAMP.logo"))
("C:\Program Files\MiKTeX\tex/latex/base\inputenc.sty"
Package: inputenc 2018/08/11 v1.3c Input encoding file
\inpenc@prehook=\toks34
\inpenc@posthook=\toks35

("C:\Program Files\MiKTeX\tex/latex/base\latin1.def"
File: latin1.def 2018/08/11 v1.3c Input encoding file
)
("C:\Program Files\MiKTeX\tex/latex/base\utf8.def"
File: utf8.def 2019/11/14 v1.2k UTF-8 support for inputenc
Now handling font encoding OML ...
... no UTF-8 mapping file for font encoding OML
Now handling font encoding OMS ...
... processing UTF-8 mapping file for font encoding OMS

("C:\Program Files\MiKTeX\tex/latex/base\omsenc.dfu"
File: omsenc.dfu 2019/11/14 v1.2k UTF-8 support for inputenc
   defining Unicode char U+00A7 (decimal 167)
   defining Unicode char U+00B6 (decimal 182)
   defining Unicode char U+00B7 (decimal 183)
   defining Unicode char U+2020 (decimal 8224)
   defining Unicode char U+2021 (decimal 8225)
   defining Unicode char U+2022 (decimal 8226)
)
Now handling font encoding OT1 ...
... processing UTF-8 mapping file for font encoding OT1

("C:\Program Files\MiKTeX\tex/latex/base\ot1enc.dfu"
File: ot1enc.dfu 2019/11/14 v1.2k UTF-8 support for inputenc
   defining Unicode char U+00A0 (decimal 160)
   defining Unicode char U+00A1 (decimal 161)
   defining Unicode char U+00A3 (decimal 163)
   defining Unicode char U+00AD (decimal 173)
   defining Unicode char U+00B8 (decimal 184)
   defining Unicode char U+00BF (decimal 191)
   defining Unicode char U+00C5 (decimal 197)
   defining Unicode char U+00C6 (decimal 198)
   defining Unicode char U+00D8 (decimal 216)
   defining Unicode char U+00DF (decimal 223)
   defining Unicode char U+00E6 (decimal 230)
   defining Unicode char U+00EC (decimal 236)
   defining Unicode char U+00ED (decimal 237)
   defining Unicode char U+00EE (decimal 238)
   defining Unicode char U+00EF (decimal 239)
   defining Unicode char U+00F8 (decimal 248)
   defining Unicode char U+0131 (decimal 305)
   defining Unicode char U+0141 (decimal 321)
   defining Unicode char U+0142 (decimal 322)
   defining Unicode char U+0152 (decimal 338)
   defining Unicode char U+0153 (decimal 339)
   defining Unicode char U+0174 (decimal 372)
   defining Unicode char U+0175 (decimal 373)
   defining Unicode char U+0176 (decimal 374)
   defining Unicode char U+0177 (decimal 375)
   defining Unicode char U+0218 (decimal 536)
   defining Unicode char U+0219 (decimal 537)
   defining Unicode char U+021A (decimal 538)
   defining Unicode char U+021B (decimal 539)
   defining Unicode char U+0237 (decimal 567)
   defining Unicode char U+2013 (decimal 8211)
   defining Unicode char U+2014 (decimal 8212)
   defining Unicode char U+2018 (decimal 8216)
   defining Unicode char U+2019 (decimal 8217)
   defining Unicode char U+201C (decimal 8220)
   defining Unicode char U+201D (decimal 8221)
   defining Unicode char U+FB00 (decimal 64256)
   defining Unicode char U+FB01 (decimal 64257)
   defining Unicode char U+FB02 (decimal 64258)
   defining Unicode char U+FB03 (decimal 64259)
   defining Unicode char U+FB04 (decimal 64260)
   defining Unicode char U+FB05 (decimal 64261)
   defining Unicode char U+FB06 (decimal 64262)
)
Now handling font encoding T1 ...
... processing UTF-8 mapping file for font encoding T1

("C:\Program Files\MiKTeX\tex/latex/base\t1enc.dfu"
File: t1enc.dfu 2019/11/14 v1.2k UTF-8 support for inputenc
   defining Unicode char U+00A0 (decimal 160)
   defining Unicode char U+00A1 (decimal 161)
   defining Unicode char U+00A3 (decimal 163)
   defining Unicode char U+00AB (decimal 171)
   defining Unicode char U+00AD (decimal 173)
   defining Unicode char U+00BB (decimal 187)
   defining Unicode char U+00BF (decimal 191)
   defining Unicode char U+00C0 (decimal 192)
   defining Unicode char U+00C1 (decimal 193)
   defining Unicode char U+00C2 (decimal 194)
   defining Unicode char U+00C3 (decimal 195)
   defining Unicode char U+00C4 (decimal 196)
   defining Unicode char U+00C5 (decimal 197)
   defining Unicode char U+00C6 (decimal 198)
   defining Unicode char U+00C7 (decimal 199)
   defining Unicode char U+00C8 (decimal 200)
   defining Unicode char U+00C9 (decimal 201)
   defining Unicode char U+00CA (decimal 202)
   defining Unicode char U+00CB (decimal 203)
   defining Unicode char U+00CC (decimal 204)
   defining Unicode char U+00CD (decimal 205)
   defining Unicode char U+00CE (decimal 206)
   defining Unicode char U+00CF (decimal 207)
   defining Unicode char U+00D0 (decimal 208)
   defining Unicode char U+00D1 (decimal 209)
   defining Unicode char U+00D2 (decimal 210)
   defining Unicode char U+00D3 (decimal 211)
   defining Unicode char U+00D4 (decimal 212)
   defining Unicode char U+00D5 (decimal 213)
   defining Unicode char U+00D6 (decimal 214)
   defining Unicode char U+00D8 (decimal 216)
   defining Unicode char U+00D9 (decimal 217)
   defining Unicode char U+00DA (decimal 218)
   defining Unicode char U+00DB (decimal 219)
   defining Unicode char U+00DC (decimal 220)
   defining Unicode char U+00DD (decimal 221)
   defining Unicode char U+00DE (decimal 222)
   defining Unicode char U+00DF (decimal 223)
   defining Unicode char U+00E0 (decimal 224)
   defining Unicode char U+00E1 (decimal 225)
   defining Unicode char U+00E2 (decimal 226)
   defining Unicode char U+00E3 (decimal 227)
   defining Unicode char U+00E4 (decimal 228)
   defining Unicode char U+00E5 (decimal 229)
   defining Unicode char U+00E6 (decimal 230)
   defining Unicode char U+00E7 (decimal 231)
   defining Unicode char U+00E8 (decimal 232)
   defining Unicode char U+00E9 (decimal 233)
   defining Unicode char U+00EA (decimal 234)
   defining Unicode char U+00EB (decimal 235)
   defining Unicode char U+00EC (decimal 236)
   defining Unicode char U+00ED (decimal 237)
   defining Unicode char U+00EE (decimal 238)
   defining Unicode char U+00EF (decimal 239)
   defining Unicode char U+00F0 (decimal 240)
   defining Unicode char U+00F1 (decimal 241)
   defining Unicode char U+00F2 (decimal 242)
   defining Unicode char U+00F3 (decimal 243)
   defining Unicode char U+00F4 (decimal 244)
   defining Unicode char U+00F5 (decimal 245)
   defining Unicode char U+00F6 (decimal 246)
   defining Unicode char U+00F8 (decimal 248)
   defining Unicode char U+00F9 (decimal 249)
   defining Unicode char U+00FA (decimal 250)
   defining Unicode char U+00FB (decimal 251)
   defining Unicode char U+00FC (decimal 252)
   defining Unicode char U+00FD (decimal 253)
   defining Unicode char U+00FE (decimal 254)
   defining Unicode char U+00FF (decimal 255)
   defining Unicode char U+0100 (decimal 256)
   defining Unicode char U+0101 (decimal 257)
   defining Unicode char U+0102 (decimal 258)
   defining Unicode char U+0103 (decimal 259)
   defining Unicode char U+0104 (decimal 260)
   defining Unicode char U+0105 (decimal 261)
   defining Unicode char U+0106 (decimal 262)
   defining Unicode char U+0107 (decimal 263)
   defining Unicode char U+0108 (decimal 264)
   defining Unicode char U+0109 (decimal 265)
   defining Unicode char U+010A (decimal 266)
   defining Unicode char U+010B (decimal 267)
   defining Unicode char U+010C (decimal 268)
   defining Unicode char U+010D (decimal 269)
   defining Unicode char U+010E (decimal 270)
   defining Unicode char U+010F (decimal 271)
   defining Unicode char U+0110 (decimal 272)
   defining Unicode char U+0111 (decimal 273)
   defining Unicode char U+0112 (decimal 274)
   defining Unicode char U+0113 (decimal 275)
   defining Unicode char U+0114 (decimal 276)
   defining Unicode char U+0115 (decimal 277)
   defining Unicode char U+0116 (decimal 278)
   defining Unicode char U+0117 (decimal 279)
   defining Unicode char U+0118 (decimal 280)
   defining Unicode char U+0119 (decimal 281)
   defining Unicode char U+011A (decimal 282)
   defining Unicode char U+011B (decimal 283)
   defining Unicode char U+011C (decimal 284)
   defining Unicode char U+011D (decimal 285)
   defining Unicode char U+011E (decimal 286)
   defining Unicode char U+011F (decimal 287)
   defining Unicode char U+0120 (decimal 288)
   defining Unicode char U+0121 (decimal 289)
   defining Unicode char U+0122 (decimal 290)
   defining Unicode char U+0123 (decimal 291)
   defining Unicode char U+0124 (decimal 292)
   defining Unicode char U+0125 (decimal 293)
   defining Unicode char U+0128 (decimal 296)
   defining Unicode char U+0129 (decimal 297)
   defining Unicode char U+012A (decimal 298)
   defining Unicode char U+012B (decimal 299)
   defining Unicode char U+012C (decimal 300)
   defining Unicode char U+012D (decimal 301)
   defining Unicode char U+012E (decimal 302)
   defining Unicode char U+012F (decimal 303)
   defining Unicode char U+0130 (decimal 304)
   defining Unicode char U+0131 (decimal 305)
   defining Unicode char U+0132 (decimal 306)
   defining Unicode char U+0133 (decimal 307)
   defining Unicode char U+0134 (decimal 308)
   defining Unicode char U+0135 (decimal 309)
   defining Unicode char U+0136 (decimal 310)
   defining Unicode char U+0137 (decimal 311)
   defining Unicode char U+0139 (decimal 313)
   defining Unicode char U+013A (decimal 314)
   defining Unicode char U+013B (decimal 315)
   defining Unicode char U+013C (decimal 316)
   defining Unicode char U+013D (decimal 317)
   defining Unicode char U+013E (decimal 318)
   defining Unicode char U+0141 (decimal 321)
   defining Unicode char U+0142 (decimal 322)
   defining Unicode char U+0143 (decimal 323)
   defining Unicode char U+0144 (decimal 324)
   defining Unicode char U+0145 (decimal 325)
   defining Unicode char U+0146 (decimal 326)
   defining Unicode char U+0147 (decimal 327)
   defining Unicode char U+0148 (decimal 328)
   defining Unicode char U+014A (decimal 330)
   defining Unicode char U+014B (decimal 331)
   defining Unicode char U+014C (decimal 332)
   defining Unicode char U+014D (decimal 333)
   defining Unicode char U+014E (decimal 334)
   defining Unicode char U+014F (decimal 335)
   defining Unicode char U+0150 (decimal 336)
   defining Unicode char U+0151 (decimal 337)
   defining Unicode char U+0152 (decimal 338)
   defining Unicode char U+0153 (decimal 339)
   defining Unicode char U+0154 (decimal 340)
   defining Unicode char U+0155 (decimal 341)
   defining Unicode char U+0156 (decimal 342)
   defining Unicode char U+0157 (decimal 343)
   defining Unicode char U+0158 (decimal 344)
   defining Unicode char U+0159 (decimal 345)
   defining Unicode char U+015A (decimal 346)
   defining Unicode char U+015B (decimal 347)
   defining Unicode char U+015C (decimal 348)
   defining Unicode char U+015D (decimal 349)
   defining Unicode char U+015E (decimal 350)
   defining Unicode char U+015F (decimal 351)
   defining Unicode char U+0160 (decimal 352)
   defining Unicode char U+0161 (decimal 353)
   defining Unicode char U+0162 (decimal 354)
   defining Unicode char U+0163 (decimal 355)
   defining Unicode char U+0164 (decimal 356)
   defining Unicode char U+0165 (decimal 357)
   defining Unicode char U+0168 (decimal 360)
   defining Unicode char U+0169 (decimal 361)
   defining Unicode char U+016A (decimal 362)
   defining Unicode char U+016B (decimal 363)
   defining Unicode char U+016C (decimal 364)
   defining Unicode char U+016D (decimal 365)
   defining Unicode char U+016E (decimal 366)
   defining Unicode char U+016F (decimal 367)
   defining Unicode char U+0170 (decimal 368)
   defining Unicode char U+0171 (decimal 369)
   defining Unicode char U+0172 (decimal 370)
   defining Unicode char U+0173 (decimal 371)
   defining Unicode char U+0174 (decimal 372)
   defining Unicode char U+0175 (decimal 373)
   defining Unicode char U+0176 (decimal 374)
   defining Unicode char U+0177 (decimal 375)
   defining Unicode char U+0178 (decimal 376)
   defining Unicode char U+0179 (decimal 377)
   defining Unicode char U+017A (decimal 378)
   defining Unicode char U+017B (decimal 379)
   defining Unicode char U+017C (decimal 380)
   defining Unicode char U+017D (decimal 381)
   defining Unicode char U+017E (decimal 382)
   defining Unicode char U+01CD (decimal 461)
   defining Unicode char U+01CE (decimal 462)
   defining Unicode char U+01CF (decimal 463)
   defining Unicode char U+01D0 (decimal 464)
   defining Unicode char U+01D1 (decimal 465)
   defining Unicode char U+01D2 (decimal 466)
   defining Unicode char U+01D3 (decimal 467)
   defining Unicode char U+01D4 (decimal 468)
   defining Unicode char U+01E2 (decimal 482)
   defining Unicode char U+01E3 (decimal 483)
   defining Unicode char U+01E6 (decimal 486)
   defining Unicode char U+01E7 (decimal 487)
   defining Unicode char U+01E8 (decimal 488)
   defining Unicode char U+01E9 (decimal 489)
   defining Unicode char U+01EA (decimal 490)
   defining Unicode char U+01EB (decimal 491)
   defining Unicode char U+01F0 (decimal 496)
   defining Unicode char U+01F4 (decimal 500)
   defining Unicode char U+01F5 (decimal 501)
   defining Unicode char U+0218 (decimal 536)
   defining Unicode char U+0219 (decimal 537)
   defining Unicode char U+021A (decimal 538)
   defining Unicode char U+021B (decimal 539)
   defining Unicode char U+0232 (decimal 562)
   defining Unicode char U+0233 (decimal 563)
   defining Unicode char U+0237 (decimal 567)
   defining Unicode char U+02D9 (decimal 729)
   defining Unicode char U+02DB (decimal 731)
   defining Unicode char U+1E02 (decimal 7682)
   defining Unicode char U+1E03 (decimal 7683)
   defining Unicode char U+1E9E (decimal 7838)
   defining Unicode char U+200C (decimal 8204)
   defining Unicode char U+2010 (decimal 8208)
   defining Unicode char U+2011 (decimal 8209)
   defining Unicode char U+2012 (decimal 8210)
   defining Unicode char U+2013 (decimal 8211)
   defining Unicode char U+2014 (decimal 8212)
   defining Unicode char U+2015 (decimal 8213)
   defining Unicode char U+2018 (decimal 8216)
   defining Unicode char U+2019 (decimal 8217)
   defining Unicode char U+201A (decimal 8218)
   defining Unicode char U+201C (decimal 8220)
   defining Unicode char U+201D (decimal 8221)
   defining Unicode char U+201E (decimal 8222)
   defining Unicode char U+2030 (decimal 8240)
   defining Unicode char U+2031 (decimal 8241)
   defining Unicode char U+2039 (decimal 8249)
   defining Unicode char U+203A (decimal 8250)
   defining Unicode char U+2423 (decimal 9251)
   defining Unicode char U+1E20 (decimal 7712)
   defining Unicode char U+1E21 (decimal 7713)
   defining Unicode char U+FB00 (decimal 64256)
   defining Unicode char U+FB01 (decimal 64257)
   defining Unicode char U+FB02 (decimal 64258)
   defining Unicode char U+FB03 (decimal 64259)
   defining Unicode char U+FB04 (decimal 64260)
   defining Unicode char U+FB05 (decimal 64261)
   defining Unicode char U+FB06 (decimal 64262)
)
Now handling font encoding TS1 ...
... processing UTF-8 mapping file for font encoding TS1

("C:\Program Files\MiKTeX\tex/latex/base\ts1enc.dfu"
File: ts1enc.dfu 2019/11/14 v1.2k UTF-8 support for inputenc
   defining Unicode char U+00A2 (decimal 162)
   defining Unicode char U+00A3 (decimal 163)
   defining Unicode char U+00A4 (decimal 164)
   defining Unicode char U+00A5 (decimal 165)
   defining Unicode char U+00A6 (decimal 166)
   defining Unicode char U+00A7 (decimal 167)
   defining Unicode char U+00A8 (decimal 168)
   defining Unicode char U+00A9 (decimal 169)
   defining Unicode char U+00AA (decimal 170)
   defining Unicode char U+00AC (decimal 172)
   defining Unicode char U+00AE (decimal 174)
   defining Unicode char U+00AF (decimal 175)
   defining Unicode char U+00B0 (decimal 176)
   defining Unicode char U+00B1 (decimal 177)
   defining Unicode char U+00B2 (decimal 178)
   defining Unicode char U+00B3 (decimal 179)
   defining Unicode char U+00B4 (decimal 180)
   defining Unicode char U+00B5 (decimal 181)
   defining Unicode char U+00B6 (decimal 182)
   defining Unicode char U+00B7 (decimal 183)
   defining Unicode char U+00B9 (decimal 185)
   defining Unicode char U+00BA (decimal 186)
   defining Unicode char U+00BC (decimal 188)
   defining Unicode char U+00BD (decimal 189)
   defining Unicode char U+00BE (decimal 190)
   defining Unicode char U+00D7 (decimal 215)
   defining Unicode char U+00F7 (decimal 247)
   defining Unicode char U+0192 (decimal 402)
   defining Unicode char U+02C7 (decimal 711)
   defining Unicode char U+02D8 (decimal 728)
   defining Unicode char U+02DD (decimal 733)
   defining Unicode char U+0E3F (decimal 3647)
   defining Unicode char U+2016 (decimal 8214)
   defining Unicode char U+2020 (decimal 8224)
   defining Unicode char U+2021 (decimal 8225)
   defining Unicode char U+2022 (decimal 8226)
   defining Unicode char U+2030 (decimal 8240)
   defining Unicode char U+2031 (decimal 8241)
   defining Unicode char U+203B (decimal 8251)
   defining Unicode char U+203D (decimal 8253)
   defining Unicode char U+2044 (decimal 8260)
   defining Unicode char U+204E (decimal 8270)
   defining Unicode char U+2052 (decimal 8274)
   defining Unicode char U+20A1 (decimal 8353)
   defining Unicode char U+20A4 (decimal 8356)
   defining Unicode char U+20A6 (decimal 8358)
   defining Unicode char U+20A9 (decimal 8361)
   defining Unicode char U+20AB (decimal 8363)
   defining Unicode char U+20AC (decimal 8364)
   defining Unicode char U+20B1 (decimal 8369)
   defining Unicode char U+2103 (decimal 8451)
   defining Unicode char U+2116 (decimal 8470)
   defining Unicode char U+2117 (decimal 8471)
   defining Unicode char U+211E (decimal 8478)
   defining Unicode char U+2120 (decimal 8480)
   defining Unicode char U+2122 (decimal 8482)
   defining Unicode char U+2126 (decimal 8486)
   defining Unicode char U+2127 (decimal 8487)
   defining Unicode char U+212E (decimal 8494)
   defining Unicode char U+2190 (decimal 8592)
   defining Unicode char U+2191 (decimal 8593)
   defining Unicode char U+2192 (decimal 8594)
   defining Unicode char U+2193 (decimal 8595)
   defining Unicode char U+2329 (decimal 9001)
   defining Unicode char U+232A (decimal 9002)
   defining Unicode char U+2422 (decimal 9250)
   defining Unicode char U+25E6 (decimal 9702)
   defining Unicode char U+25EF (decimal 9711)
   defining Unicode char U+266A (decimal 9834)
   defining Unicode char U+27E8 (decimal 10216)
   defining Unicode char U+27E9 (decimal 10217)
   defining Unicode char U+FEFF (decimal 65279)
)
Now handling font encoding OMX ...
... no UTF-8 mapping file for font encoding OMX
Now handling font encoding U ...
... no UTF-8 mapping file for font encoding U
   defining Unicode char U+00A9 (decimal 169)
   defining Unicode char U+00AA (decimal 170)
   defining Unicode char U+00AE (decimal 174)
   defining Unicode char U+00BA (decimal 186)
   defining Unicode char U+02C6 (decimal 710)
   defining Unicode char U+02DC (decimal 732)
   defining Unicode char U+200C (decimal 8204)
   defining Unicode char U+2026 (decimal 8230)
   defining Unicode char U+2122 (decimal 8482)
   defining Unicode char U+2423 (decimal 9251)
   defining Unicode char U+FEFF (decimal 65279)
))
("C:\Program Files\MiKTeX\tex/latex/psnfss\pifont.sty"
Package: pifont 2020/03/25 PSNFSS-v9.3 Pi font support (SPQR) 
LaTeX Font Info:    Trying to load font information for U+pzd on input line 63.


("C:\Program Files\MiKTeX\tex/latex/psnfss\upzd.fd"
File: upzd.fd 2001/06/04 font definitions for U/pzd.
)
LaTeX Font Info:    Trying to load font information for U+psy on input line 64.


("C:\Program Files\MiKTeX\tex/latex/psnfss\upsy.fd"
File: upsy.fd 2001/06/04 font definitions for U/psy.
))
("C:\Program Files\MiKTeX\tex/latex/mathtools\mathtools.sty"
Package: mathtools 2020/03/24 v1.24 mathematical typesetting tools

("C:\Program Files\MiKTeX\tex/latex/mathtools\mhsetup.sty"
Package: mhsetup 2017/03/31 v1.3 programming setup (MH)
)
("C:\Program Files\MiKTeX\tex/latex/amsmath\amsmath.sty"
Package: amsmath 2020/01/20 v2.17e AMS math features
\@mathmargin=\skip64

For additional information on amsmath, use the `?' option.
("C:\Program Files\MiKTeX\tex/latex/amsmath\amstext.sty"
Package: amstext 2000/06/29 v2.01 AMS text

("C:\Program Files\MiKTeX\tex/latex/amsmath\amsgen.sty"
File: amsgen.sty 1999/11/30 v2.0 generic functions
\@emptytoks=\toks36
\ex@=\dimen258
))
("C:\Program Files\MiKTeX\tex/latex/amsmath\amsbsy.sty"
Package: amsbsy 1999/11/29 v1.2d Bold Symbols
\pmbraise@=\dimen259
)
("C:\Program Files\MiKTeX\tex/latex/amsmath\amsopn.sty"
Package: amsopn 2016/03/08 v2.02 operator names
)
\inf@bad=\count276
LaTeX Info: Redefining \frac on input line 227.
\uproot@=\count277
\leftroot@=\count278
LaTeX Info: Redefining \overline on input line 389.
\classnum@=\count279
\DOTSCASE@=\count280
LaTeX Info: Redefining \ldots on input line 486.
LaTeX Info: Redefining \dots on input line 489.
LaTeX Info: Redefining \cdots on input line 610.
\Mathstrutbox@=\box60
\strutbox@=\box61
\big@size=\dimen260
LaTeX Font Info:    Redeclaring font encoding OML on input line 733.
LaTeX Font Info:    Redeclaring font encoding OMS on input line 734.
\macc@depth=\count281
\c@MaxMatrixCols=\count282
\dotsspace@=\muskip16
\c@parentequation=\count283
\dspbrk@lvl=\count284
\tag@help=\toks37
\row@=\count285
\column@=\count286
\maxfields@=\count287
\andhelp@=\toks38
\eqnshift@=\dimen261
\alignsep@=\dimen262
\tagshift@=\dimen263
\tagwidth@=\dimen264
\totwidth@=\dimen265
\lineht@=\dimen266
\@envbody=\toks39
\multlinegap=\skip65
\multlinetaggap=\skip66
\mathdisplay@stack=\toks40
LaTeX Info: Redefining \[ on input line 2859.
LaTeX Info: Redefining \] on input line 2860.
)
LaTeX Info: Thecontrolsequence`\('isalreadyrobust on input line 130.
LaTeX Info: Thecontrolsequence`\)'isalreadyrobust on input line 130.
LaTeX Info: Thecontrolsequence`\['isalreadyrobust on input line 130.
LaTeX Info: Thecontrolsequence`\]'isalreadyrobust on input line 130.
\g_MT_multlinerow_int=\count288
\l_MT_multwidth_dim=\dimen267
\origjot=\skip67
\l_MT_shortvdotswithinadjustabove_dim=\dimen268
\l_MT_shortvdotswithinadjustbelow_dim=\dimen269
\l_MT_above_intertext_sep=\dimen270
\l_MT_below_intertext_sep=\dimen271
\l_MT_above_shortintertext_sep=\dimen272
\l_MT_below_shortintertext_sep=\dimen273
\xmathstrut@box=\box62
\xmathstrut@dim=\dimen274
)
("C:\Program Files\MiKTeX\tex/latex/commath\commath.sty")
("C:\Program Files\MiKTeX\tex/latex/amsfonts\amsfonts.sty"
Package: amsfonts 2013/01/14 v3.01 Basic AMSFonts support
\symAMSa=\mathgroup4
\symAMSb=\mathgroup5
LaTeX Font Info:    Redeclaring math symbol \hbar on input line 98.
LaTeX Font Info:    Overwriting math alphabet `\mathfrak' in version `bold'
(Font)                  U/euf/m/n --> U/euf/b/n on input line 106.
)
("C:\Program Files\MiKTeX\tex/latex/ncctools\nccmath.sty"
Package: nccmath 2006/01/20 v1.3 Additional Math Commands (NCC)
\NCC@fracrulewidth=\dimen275
)
("C:\Program Files\MiKTeX\tex/latex/natbib\natbib.sty"
Package: natbib 2010/09/13 8.31b (PWD, AO)
\bibhang=\skip68
\bibsep=\skip69
LaTeX Info: Redefining \cite on input line 694.
\c@NAT@ctr=\count289
)
("C:\Program Files\MiKTeX\tex/latex/multirow\multirow.sty"
Package: multirow 2019/05/31 v2.5 Span multiple rows of a table
\multirow@colwidth=\skip70
\multirow@cntb=\count290
\multirow@dima=\skip71
\bigstrutjot=\dimen276
)
("C:\Program Files\MiKTeX\tex/latex/makecell\makecell.sty"
Package: makecell 2009/08/03 V0.1e Managing of Tab Column Heads and Cells
\rotheadsize=\dimen277
\c@nlinenum=\count291
\TeXr@lab=\toks41
)
("C:\Program Files\MiKTeX\tex/latex/listings\listings.sty"
\lst@mode=\count292
\lst@gtempboxa=\box63
\lst@token=\toks42
\lst@length=\count293
\lst@currlwidth=\dimen278
\lst@column=\count294
\lst@pos=\count295
\lst@lostspace=\dimen279
\lst@width=\dimen280
\lst@newlines=\count296
\lst@lineno=\count297
\lst@maxwidth=\dimen281

("C:\Program Files\MiKTeX\tex/latex/listings\lstmisc.sty"
File: lstmisc.sty 2020/03/24 1.8d (Carsten Heinz)
\c@lstnumber=\count298
\lst@skipnumbers=\count299
\lst@framebox=\box64
)
("C:\Program Files\MiKTeX\tex/latex/listings\listings.cfg"
File: listings.cfg 2020/03/24 1.8d listings configuration
))
Package: listings 2020/03/24 1.8d (Carsten Heinz)

("C:\Program Files\MiKTeX\tex/latex/float\float.sty"
Package: float 2001/11/08 v1.3d Float enhancements (AL)
\c@float@type=\count300
\float@exts=\toks43
\float@box=\box65
\@float@everytoks=\toks44
\@floatcapt=\box66
)
("C:\Program Files\MiKTeX\tex/latex/enumitem\enumitem.sty"
Package: enumitem 2019/06/20 v3.9 Customized lists
\labelindent=\skip72
\enit@outerparindent=\dimen282
\enit@toks=\toks45
\enit@inbox=\box67
\enit@count@id=\count301
\enitdp@description=\count302
)
("C:\Program Files\MiKTeX\tex/latex/subfigure\subfigure.sty"
Package: subfigure 2002/07/30 v2.1.4 subfigure package
\subfigtopskip=\skip73
\subfigcapskip=\skip74
\subfigcaptopadj=\dimen283
\subfigbottomskip=\skip75
\subfigcapmargin=\dimen284
\subfiglabelskip=\skip76
\c@subfigure=\count303
\c@lofdepth=\count304
\c@subtable=\count305
\c@lotdepth=\count306

****************************************
* Local config file subfigure.cfg used *
****************************************
("C:\Program Files\MiKTeX\tex/latex/subfigure\subfigure.cfg")
\subfig@top=\skip77
\subfig@bottom=\skip78
)
("C:\Program Files\MiKTeX\tex/latex/cellspace\cellspace.sty"
Package: cellspace 2019/03/11 v1.8.1 Spacing table cells (JN)

("C:\Program Files\MiKTeX\tex/latex/xkeyval\xkeyval.sty"
Package: xkeyval 2014/12/03 v2.7a package option processing (HA)

("C:\Program Files\MiKTeX\tex/generic/xkeyval\xkeyval.tex"
("C:\Program Files\MiKTeX\tex/generic/xkeyval\xkvutils.tex"
\XKV@toks=\toks46
\XKV@tempa@toks=\toks47
)
\XKV@depth=\count307
File: xkeyval.tex 2014/12/03 v2.7a key=value parser (HA)
))
\cellspacetoplimit=\dimen285
\cellspacebottomlimit=\dimen286
\cellspace@firstht=\dimen287
\cellspace@lastdp=\dimen288
)
("C:\Program Files\MiKTeX\tex/latex/siunitx\siunitx.sty"
("C:\Program Files\MiKTeX\tex/latex/l3kernel\expl3.sty"
Package: expl3 2020-06-18 L3 programming layer (loader) 

("C:\Program Files\MiKTeX\tex/latex/l3backend\l3backend-pdfmode.def"
File: l3backend-pdfmode.def 2020-06-29 L3 backend support: PDF mode
\l__kernel_color_stack_int=\count308
\l__pdf_internal_box=\box68
))
("C:\Program Files\MiKTeX\tex/latex/l3packages/xparse\xparse.sty"
Package: xparse 2020-05-15 L3 Experimental document command parser

("C:\Program Files\MiKTeX\tex/latex/l3packages/xparse\xparse-generic.tex"
\l__xparse_current_arg_int=\count309
\g__xparse_grabber_int=\count310
\l__xparse_m_args_int=\count311
\l__xparse_v_nesting_int=\count312
))
Package: siunitx 2020/02/25 v2.8b A comprehensive (SI) units package

("C:\Program Files\MiKTeX\tex/latex/l3packages/l3keys2e\l3keys2e.sty"
Package: l3keys2e 2020-05-15 LaTeX2e option processing using LaTeX3 keys
)
\l__siunitx_tmp_box=\box69
\l__siunitx_tmp_dim=\dimen289
\l__siunitx_tmp_int=\count313
\l__siunitx_number_mantissa_length_int=\count314
\l__siunitx_number_uncert_length_int=\count315
\l__siunitx_round_int=\count316
\l__siunitx_process_decimal_int=\count317
\l__siunitx_process_uncertainty_int=\count318
\l__siunitx_process_fixed_int=\count319
\l__siunitx_process_integer_min_int=\count320
\l__siunitx_process_precision_int=\count321
\l__siunitx_group_min_int=\count322
\l__siunitx_angle_marker_box=\box70
\l__siunitx_angle_unit_box=\box71
\l__siunitx_angle_marker_dim=\dimen290
\l__siunitx_angle_unit_dim=\dimen291
\l__siunitx_unit_int=\count323
\l__siunitx_unit_denominator_int=\count324
\l__siunitx_unit_numerator_int=\count325
\l__siunitx_unit_prefix_int=\count326
\l__siunitx_unit_prefix_base_int=\count327
\l__siunitx_unit_prefix_gram_int=\count328
\l__siunitx_number_product_int=\count329
\c__siunitx_one_fill_skip=\skip79
\l__siunitx_table_unit_align_skip=\skip80
\l__siunitx_table_exponent_dim=\dimen292
\l__siunitx_table_integer_dim=\dimen293
\l__siunitx_table_mantissa_dim=\dimen294
\l__siunitx_table_marker_dim=\dimen295
\l__siunitx_table_result_dim=\dimen296
\l__siunitx_table_uncert_dim=\dimen297
\l__siunitx_table_fill_pre_dim=\dimen298
\l__siunitx_table_fill_post_dim=\dimen299
\l__siunitx_table_fill_mid_dim=\dimen300
\l__siunitx_table_pre_box=\box72
\l__siunitx_table_post_box=\box73
\l__siunitx_table_mantissa_box=\box74
\l__siunitx_table_result_box=\box75
\l__siunitx_table_number_align_skip=\skip81
\l__siunitx_table_text_align_skip=\skip82

("C:\Program Files\MiKTeX\tex/latex/translator\translator.sty"
Package: translator 2020-08-03 v1.12c Easy translation of strings in LaTeX
))
("C:\Program Files\MiKTeX\tex/latex/booktabs\booktabs.sty"
Package: booktabs 2020/01/12 v1.61803398 Publication quality tables
\heavyrulewidth=\dimen301
\lightrulewidth=\dimen302
\cmidrulewidth=\dimen303
\belowrulesep=\dimen304
\belowbottomsep=\dimen305
\aboverulesep=\dimen306
\abovetopsep=\dimen307
\cmidrulesep=\dimen308
\cmidrulekern=\dimen309
\defaultaddspace=\dimen310
\@cmidla=\count330
\@cmidlb=\count331
\@aboverulesep=\dimen311
\@belowrulesep=\dimen312
\@thisruleclass=\count332
\@lastruleclass=\count333
\@thisrulewidth=\dimen313
)
("C:\Program Files\MiKTeX\tex/latex/hyperref\hyperref.sty"
Package: hyperref 2020-05-15 v7.00e Hypertext links for LaTeX

("C:\Program Files\MiKTeX\tex/generic/pdftexcmds\pdftexcmds.sty"
Package: pdftexcmds 2020-06-27 v0.33 Utility functions of pdfTeX for LuaTeX (HO
)
Package pdftexcmds Info: \pdf@primitive is available.
Package pdftexcmds Info: \pdf@ifprimitive is available.
Package pdftexcmds Info: \pdfdraftmode found.
)
("C:\Program Files\MiKTeX\tex/generic/kvsetkeys\kvsetkeys.sty"
Package: kvsetkeys 2019/12/15 v1.18 Key value parser (HO)
)
("C:\Program Files\MiKTeX\tex/generic/kvdefinekeys\kvdefinekeys.sty"
Package: kvdefinekeys 2019-12-19 v1.6 Define keys (HO)
)
("C:\Program Files\MiKTeX\tex/generic/pdfescape\pdfescape.sty"
Package: pdfescape 2019/12/09 v1.15 Implements pdfTeX's escape features (HO)
)
("C:\Program Files\MiKTeX\tex/latex/hycolor\hycolor.sty"
Package: hycolor 2020-01-27 v1.10 Color options for hyperref/bookmark (HO)
)
("C:\Program Files\MiKTeX\tex/latex/letltxmacro\letltxmacro.sty"
Package: letltxmacro 2019/12/03 v1.6 Let assignment for LaTeX macros (HO)
)
("C:\Program Files\MiKTeX\tex/latex/auxhook\auxhook.sty"
Package: auxhook 2019-12-17 v1.6 Hooks for auxiliary files (HO)
)
("C:\Program Files\MiKTeX\tex/latex/kvoptions\kvoptions.sty"
Package: kvoptions 2019/11/29 v3.13 Key value format for package options (HO)
)
\@linkdim=\dimen314
\Hy@linkcounter=\count334
\Hy@pagecounter=\count335

("C:\Program Files\MiKTeX\tex/latex/hyperref\pd1enc.def"
File: pd1enc.def 2020-05-15 v7.00e Hyperref: PDFDocEncoding definition (HO)
Now handling font encoding PD1 ...
... no UTF-8 mapping file for font encoding PD1
)
("C:\Program Files\MiKTeX\tex/generic/intcalc\intcalc.sty"
Package: intcalc 2019/12/15 v1.3 Expandable calculations with integers (HO)
)
("C:\Program Files\MiKTeX\tex/generic/etexcmds\etexcmds.sty"
Package: etexcmds 2019/12/15 v1.7 Avoid name clashes with e-TeX commands (HO)
)
\Hy@SavedSpaceFactor=\count336
Package hyperref Info: Option `colorlinks' set `true' on input line 4338.
Package hyperref Info: Hyper figures OFF on input line 4464.
Package hyperref Info: Link nesting OFF on input line 4469.
Package hyperref Info: Hyper index ON on input line 4472.
Package hyperref Info: Plain pages OFF on input line 4479.
Package hyperref Info: Backreferencing OFF on input line 4484.
Package hyperref Info: Implicit mode ON; LaTeX internals redefined.
Package hyperref Info: Bookmarks ON on input line 4717.
\c@Hy@tempcnt=\count337

("C:\Program Files\MiKTeX\tex/latex/url\url.sty"
\Urlmuskip=\muskip17
Package: url 2013/09/16  ver 3.4  Verb mode for urls, etc.
)
LaTeX Info: Redefining \url on input line 5076.
\XeTeXLinkMargin=\dimen315

("C:\Program Files\MiKTeX\tex/generic/bitset\bitset.sty"
Package: bitset 2019/12/09 v1.3 Handle bit-vector datatype (HO)

("C:\Program Files\MiKTeX\tex/generic/bigintcalc\bigintcalc.sty"
Package: bigintcalc 2019/12/15 v1.5 Expandable calculations on big integers (HO
)
))
\Fld@menulength=\count338
\Field@Width=\dimen316
\Fld@charsize=\dimen317
Package hyperref Info: Hyper figures OFF on input line 6347.
Package hyperref Info: Link nesting OFF on input line 6352.
Package hyperref Info: Hyper index ON on input line 6355.
Package hyperref Info: backreferencing OFF on input line 6362.
Package hyperref Info: Link coloring ON on input line 6365.
Package hyperref Info: Link coloring with OCG OFF on input line 6372.
Package hyperref Info: PDF/A mode OFF on input line 6377.
LaTeX Info: Redefining \ref on input line 6417.
LaTeX Info: Redefining \pageref on input line 6421.
\Hy@abspage=\count339
\c@Item=\count340
\c@Hfootnote=\count341
)
Package hyperref Info: Driver (autodetected): hpdftex.

("C:\Program Files\MiKTeX\tex/latex/hyperref\hpdftex.def"
File: hpdftex.def 2020-05-15 v7.00e Hyperref driver for pdfTeX

("C:\Program Files\MiKTeX\tex/latex/atveryend\atveryend.sty"
Package: atveryend 2019-12-11 v1.11 Hooks at the very end of document (HO)
)
\Fld@listcount=\count342
\c@bookmark@seq@number=\count343

("C:\Program Files\MiKTeX\tex/latex/rerunfilecheck\rerunfilecheck.sty"
Package: rerunfilecheck 2019/12/05 v1.9 Rerun checks for auxiliary files (HO)

("C:\Program Files\MiKTeX\tex/generic/uniquecounter\uniquecounter.sty"
Package: uniquecounter 2019/12/15 v1.4 Provide unlimited unique counter (HO)
)
Package uniquecounter Info: New unique counter `rerunfilecheck' on input line 2
86.
)
\Hy@SectionHShift=\skip83
)
(thesis.aux)
\openout1 = `thesis.aux'.

LaTeX Font Info:    Checking defaults for OML/cmm/m/it on input line 205.
LaTeX Font Info:    ... okay on input line 205.
LaTeX Font Info:    Checking defaults for OMS/cmsy/m/n on input line 205.
LaTeX Font Info:    ... okay on input line 205.
LaTeX Font Info:    Checking defaults for OT1/cmr/m/n on input line 205.
LaTeX Font Info:    ... okay on input line 205.
LaTeX Font Info:    Checking defaults for T1/cmr/m/n on input line 205.
LaTeX Font Info:    ... okay on input line 205.
LaTeX Font Info:    Checking defaults for TS1/cmr/m/n on input line 205.
LaTeX Font Info:    ... okay on input line 205.
LaTeX Font Info:    Checking defaults for OMX/cmex/m/n on input line 205.
LaTeX Font Info:    ... okay on input line 205.
LaTeX Font Info:    Checking defaults for U/cmr/m/n on input line 205.
LaTeX Font Info:    ... okay on input line 205.
LaTeX Font Info:    Checking defaults for PD1/pdf/m/n on input line 205.
LaTeX Font Info:    ... okay on input line 205.
 ("C:\Program Files\MiKTeX\tex/context/base/mkii\supp-pdf.mkii"
[Loading MPS to PDF converter (version 2006.09.02).]
\scratchcounter=\count344
\scratchdimen=\dimen318
\scratchbox=\box76
\nofMPsegments=\count345
\nofMParguments=\count346
\everyMPshowfont=\toks48
\MPscratchCnt=\count347
\MPscratchDim=\dimen319
\MPnumerator=\count348
\makeMPintoPDFobject=\count349
\everyMPtoPDFconversion=\toks49
) ("C:\Program Files\MiKTeX\tex/latex/epstopdf-pkg\epstopdf-base.sty"
Package: epstopdf-base 2020-01-24 v2.11 Base part for package epstopdf
Package epstopdf-base Info: Redefining graphics rule for `.eps' on input line 4
85.
)
\AtBeginShipoutBox=\box77

("C:\Program Files\MiKTeX\tex/latex/pdflscape\pdflscape.sty"
Package: pdflscape 2019/12/05 v0.12 Display of landscape pages in PDF (HO)

("C:\Program Files\MiKTeX\tex/latex/graphics\lscape.sty"
Package: lscape 2000/10/22 v3.01 Landscape Pages (DPC)
)
Package pdflscape Info: Auto-detected driver: pdftex on input line 81.
)
*geometry* driver: auto-detecting
*geometry* detected driver: pdftex
*geometry* verbose mode - [ preamble ] result:
* driver: pdftex
* paper: a4paper
* layout: <same size as paper>
* layoutoffset:(h,v)=(0.0pt,0.0pt)
* modes: 
* h-part:(L,W,R)=(85.35826pt, 455.24411pt, 56.9055pt)
* v-part:(T,H,B)=(85.35826pt, 702.78308pt, 56.9055pt)
* \paperwidth=597.50787pt
* \paperheight=845.04684pt
* \textwidth=455.24411pt
* \textheight=702.78308pt
* \oddsidemargin=13.08827pt
* \evensidemargin=13.08827pt
* \topmargin=-18.78552pt
* \headheight=12.0pt
* \headsep=19.8738pt
* \topskip=12.0pt
* \footskip=30.0pt
* \marginparwidth=38.0pt
* \marginparsep=7.0pt
* \columnsep=10.0pt
* \skip\footins=10.8pt plus 4.0pt minus 2.0pt
* \hoffset=0.0pt
* \voffset=0.0pt
* \mag=1000
* \@twocolumnfalse
* \@twosidefalse
* \@mparswitchfalse
* \@reversemarginfalse
* (1in=72.27pt=25.4mm, 1cm=28.453pt)

ABD: EveryShipout initializing macros
\c@lstlisting=\count350


Package siunitx Warning: Column type for cellspace package moved to 'C'.


("C:\Program Files\MiKTeX\tex/latex/translator\translator-basic-dictionary-Engl
ish.dict"
Dictionary: translator-basic-dictionary, Language: English 
) ("C:\Program Files\MiKTeX\tex/latex/siunitx\siunitx-abbreviations.cfg"
File: siunitx-abbreviations.cfg 2017/11/26 v2.7k siunitx: Abbreviated units
)
Package hyperref Info: Link coloring ON on input line 205.
 ("C:\Program Files\MiKTeX\tex/latex/hyperref\nameref.sty"
Package: nameref 2019/09/16 v2.46 Cross-referencing by name of section

("C:\Program Files\MiKTeX\tex/latex/refcount\refcount.sty"
Package: refcount 2019/12/15 v3.6 Data extraction from label references (HO)
)
("C:\Program Files\MiKTeX\tex/generic/gettitlestring\gettitlestring.sty"
Package: gettitlestring 2019/12/15 v1.6 Cleanup title references (HO)
)
\c@section@level=\count351
)
LaTeX Info: Redefining \ref on input line 205.
LaTeX Info: Redefining \pageref on input line 205.
LaTeX Info: Redefining \nameref on input line 205.

(thesis.out) (thesis.out)
\@outlinefile=\write4
\openout4 = `thesis.out'.

LaTeX Font Info:    Trying to load font information for U+msa on input line 205
.
 ("C:\Program Files\MiKTeX\tex/latex/amsfonts\umsa.fd"
File: umsa.fd 2013/01/14 v3.01 AMS symbols A
)
LaTeX Font Info:    Trying to load font information for U+msb on input line 205
.
 ("C:\Program Files\MiKTeX\tex/latex/amsfonts\umsb.fd"
File: umsb.fd 2013/01/14 v3.01 AMS symbols B
)
\oldparindent=\skip84
LaTeX Font Info:    Trying to load font information for T1+cmss on input line 2
51.

("C:\Program Files\MiKTeX\tex/latex/base\t1cmss.fd"
File: t1cmss.fd 2019/12/16 v2.5j Standard LaTeX font definitions
)
Underfull \hbox (badness 10000) in paragraph at lines 251--251

 []


Underfull \hbox (badness 10000) in paragraph at lines 251--251
[][]
 []

[1

{C:/Users/Thales E. Nazatto/AppData/Local/MiKTeX/pdftex/config/pdftex.map}]
[2

]
Underfull \hbox (badness 10000) in paragraph at lines 251--251

 []

[3

] [4

] [5

] [6

] [7

] [8

] (thesis.lof)
\tf@lof=\write5
\openout5 = `thesis.lof'.

 [9

] (thesis.lot)
\tf@lot=\write6
\openout6 = `thesis.lot'.

 [10

] (thesis.toc [11

])
\tf@toc=\write7
\openout7 = `thesis.toc'.


[12]
Cap\'{\i }tulo 1.
[13


]

Package Fancyhdr Warning: \headheight is too small (14.5pt): 
Make it at least 15.04742pt.
We now make it that large for the rest of the document.
This may cause the page layout to be inconsistent, however.

[14]
Cap\'{\i }tulo 2.
[15

] [16] [17]
<images/data_life_cycle.jpg, id=436, 764.25525pt x 501.67426pt>
File: images/data_life_cycle.jpg Graphic file (type jpg)
<use images/data_life_cycle.jpg>
Package pdftex.def Info: images/data_life_cycle.jpg  used on input line 396.
(pdftex.def)             Requested size: 458.55669pt x 301.00687pt.

Overfull \hbox (3.31258pt too wide) in paragraph at lines 396--397
 [][] 
 []

[18 <./images/data_life_cycle.jpg>] [19]
<images/deep_neural_network.jpg, id=456, 542.62724pt x 251.13824pt>
File: images/deep_neural_network.jpg Graphic file (type jpg)
<use images/deep_neural_network.jpg>
Package pdftex.def Info: images/deep_neural_network.jpg  used on input line 434
.
(pdftex.def)             Requested size: 434.10239pt x 200.91087pt.


LaTeX Warning: `h' float specifier changed to `ht'.

[20]
Overfull \vbox (27.47992pt too high) detected at line 461
 []

[21 <./images/deep_neural_network.jpg>] [22] [23] [24] [25] [26] [27] [28]
[29]

Package natbib Warning: Citation `Mehrabi_2019' on page 30 undefined on input l
ine 687.

[30]
Overfull \hbox (14.54108pt too wide) in paragraph at lines 721--722
[]\T1/cmr/m/n/12 No pro-cesso, ilus-trado na Fi-gura [][]2.3[][], o con-junto d
e da-dos passa por um pr-processamento
 []

<images/ML_Process.jpg, id=623, 554.07pt x 228.855pt>
File: images/ML_Process.jpg Graphic file (type jpg)
<use images/ML_Process.jpg>
Package pdftex.def Info: images/ML_Process.jpg  used on input line 725.
(pdftex.def)             Requested size: 277.03432pt x 114.42722pt.
<images/ai-analytics-ref-diagram-analyze.jpg, id=626, 1185.96924pt x 1015.48616
pt>
File: images/ai-analytics-ref-diagram-analyze.jpg Graphic file (type jpg)
<use images/ai-analytics-ref-diagram-analyze.jpg>
Package pdftex.def Info: images/ai-analytics-ref-diagram-analyze.jpg  used on i
nput line 734.
(pdftex.def)             Requested size: 296.49158pt x 253.87091pt.

LaTeX Warning: `h' float specifier changed to `ht'.

[31 <./images/ML_Process.jpg>] [32 <./images/ai-analytics-ref-diagram-analyze.j
pg>] [33]
<images/provenance_lifecycle.png, id=657, 640.3925pt x 389.455pt>
File: images/provenance_lifecycle.png Graphic file (type png)
<use images/provenance_lifecycle.png>
Package pdftex.def Info: images/provenance_lifecycle.png  used on input line 76
8.
(pdftex.def)             Requested size: 480.2932pt x 292.09053pt.

Overfull \hbox (25.04909pt too wide) in paragraph at lines 768--769
 [][] 
 []

[34 <./images/provenance_lifecycle.png>] [35]
Overfull \hbox (5.43095pt too wide) in paragraph at lines 814--815
[]\T1/cmr/m/n/12 Para a Com-pu-ta-o Aut-noma acon-te-cer,  im-ple-men-tado 
um Ele-mento Aut-nomo [[]],
 []

[36]
<images/MAPE-K.png, id=689, 464.937pt x 368.577pt>
File: images/MAPE-K.png Graphic file (type png)
<use images/MAPE-K.png>
Package pdftex.def Info: images/MAPE-K.png  used on input line 828.
(pdftex.def)             Requested size: 232.46793pt x 184.28804pt.
 [37 <./images/MAPE-K.png>]
<images/PipeandFilter.png, id=698, 1881.0275pt x 349.305pt>
File: images/PipeandFilter.png Graphic file (type png)
<use images/PipeandFilter.png>
Package pdftex.def Info: images/PipeandFilter.png  used on input line 839.
(pdftex.def)             Requested size: 470.25572pt x 87.32603pt.

Overfull \hbox (15.01161pt too wide) in paragraph at lines 839--840
 [][] 
 []

[38 <./images/PipeandFilter.png>] [39]
Cap\'{\i }tulo 3.
<images/Diagrama_Atividades.jpg, id=708, 1938.24126pt x 1928.20375pt>
File: images/Diagrama_Atividades.jpg Graphic file (type jpg)
<use images/Diagrama_Atividades.jpg>
Package pdftex.def Info: images/Diagrama_Atividades.jpg  used on input line 887
.
(pdftex.def)             Requested size: 484.55913pt x 482.04976pt.

Overfull \hbox (29.31502pt too wide) in paragraph at lines 887--888
 [][] 
 []

[40

] [41 <./images/Diagrama_Atividades.jpg>]
<images/assurancecase.jpg, id=719, 4506.8375pt x 3586.39874pt>
File: images/assurancecase.jpg Graphic file (type jpg)
<use images/assurancecase.jpg>
Package pdftex.def Info: images/assurancecase.jpg  used on input line 911.
(pdftex.def)             Requested size: 450.71016pt x 358.66089pt.
 [42]
("C:\Program Files\MiKTeX\tex/latex/listings\lstlang1.sty"
File: lstlang1.sty 2020/03/24 1.8d listings language file
)
LaTeX Font Info:    Trying to load font information for T1+cmtt on input line 9
22.

("C:\Program Files\MiKTeX\tex/latex/base\t1cmtt.fd"
File: t1cmtt.fd 2019/12/16 v2.5j Standard LaTeX font definitions
) [43 <./images/assurancecase.jpg>] [44]
<images/classdiagram_Pipe-and-Filter_framework.jpg, id=780, 532.99126pt x 342.2
7875pt>
File: images/classdiagram_Pipe-and-Filter_framework.jpg Graphic file (type jpg)

<use images/classdiagram_Pipe-and-Filter_framework.jpg>
Package pdftex.def Info: images/classdiagram_Pipe-and-Filter_framework.jpg  use
d on input line 976.
(pdftex.def)             Requested size: 426.39359pt x 273.82335pt.
 [45 <./images/classdiagram_Pipe-and-Filter_framework.jpg>]
[46] [47]
<images/ml-fairness-pipeline.jpg, id=845, 618.31pt x 1225.57875pt>
File: images/ml-fairness-pipeline.jpg Graphic file (type jpg)
<use images/ml-fairness-pipeline.jpg>
Package pdftex.def Info: images/ml-fairness-pipeline.jpg  used on input line 10
48.
(pdftex.def)             Requested size: 247.31961pt x 490.22282pt.
 [48 <./images/ml-fairness-pipeline.jpg>] [49]
<images/ML-MAPE-K.jpg, id=857, 901.3675pt x 789.95125pt>
File: images/ML-MAPE-K.jpg Graphic file (type jpg)
<use images/ML-MAPE-K.jpg>
Package pdftex.def Info: images/ML-MAPE-K.jpg  used on input line 1089.
(pdftex.def)             Requested size: 450.68263pt x 394.97466pt.
 [50 <./images/ML-MAPE-K.jpg>]

Package natbib Warning: Citation `Konstantinou_2017' on page 51 undefined on in
put line 1111.

[51] [52] [53]
<images/front/Menu.png, id=935, 1156.32pt x 349.305pt>
File: images/front/Menu.png Graphic file (type png)
<use images/front/Menu.png>
Package pdftex.def Info: images/front/Menu.png  used on input line 1221.
(pdftex.def)             Requested size: 462.5198pt x 139.71951pt.
<images/front/Analise.png, id=937, 1154.51324pt x 343.2825pt>
File: images/front/Analise.png Graphic file (type png)
<use images/front/Analise.png>
Package pdftex.def Info: images/front/Analise.png  used on input line 1222.
(pdftex.def)             Requested size: 461.79712pt x 137.31056pt.

Overfull \hbox (7.2757pt too wide) in paragraph at lines 1221--1223
 [][] 
 []


Overfull \hbox (6.55301pt too wide) in paragraph at lines 1221--1223
 [][] 
 []

[54]
File: images/front/Analise.png Graphic file (type png)
<use images/front/Analise.png>
Package pdftex.def Info: images/front/Analise.png  used on input line 1235.
(pdftex.def)             Requested size: 461.79712pt x 137.31056pt.
<images/front/Analise-Sucesso.png, id=945, 1152.10425pt x 552.26324pt>
File: images/front/Analise-Sucesso.png Graphic file (type png)
<use images/front/Analise-Sucesso.png>
Package pdftex.def Info: images/front/Analise-Sucesso.png  used on input line 1
236.
(pdftex.def)             Requested size: 460.83354pt x 220.90138pt.

Overfull \hbox (6.55301pt too wide) in paragraph at lines 1235--1237
 [][] 
 []


Overfull \hbox (5.58943pt too wide) in paragraph at lines 1235--1237
 [][] 
 []

[55 <./images/front/Menu.png> <./images/front/Analise.png>]
<images/front/Metricas-Performance.png, id=958, 1155.1155pt x 534.19576pt>
File: images/front/Metricas-Performance.png Graphic file (type png)
<use images/front/Metricas-Performance.png>
Package pdftex.def Info: images/front/Metricas-Performance.png  used on input l
ine 1249.
(pdftex.def)             Requested size: 462.03801pt x 213.67451pt.
<images/front/Metricas-Fairness.png, id=959, 1154.51324pt x 558.28575pt>
File: images/front/Metricas-Fairness.png Graphic file (type png)
<use images/front/Metricas-Fairness.png>
Package pdftex.def Info: images/front/Metricas-Fairness.png  used on input line
 1250.
(pdftex.def)             Requested size: 461.79712pt x 223.31033pt.

Overfull \hbox (6.7939pt too wide) in paragraph at lines 1249--1251
 [][] 
 []


Overfull \hbox (6.55301pt too wide) in paragraph at lines 1249--1251
 [][] 
 []

[56 <./images/front/Analise-Sucesso.png>]
<images/front/Metricas-Erro.png, id=969, 1142.46825pt x 549.85425pt>
File: images/front/Metricas-Erro.png Graphic file (type png)
<use images/front/Metricas-Erro.png>
Package pdftex.def Info: images/front/Metricas-Erro.png  used on input line 125
9.
(pdftex.def)             Requested size: 456.9792pt x 219.93779pt.
<images/front/Metricas-Sucesso.png, id=970, 1153.911pt x 551.661pt>
File: images/front/Metricas-Sucesso.png Graphic file (type png)
<use images/front/Metricas-Sucesso.png>
Package pdftex.def Info: images/front/Metricas-Sucesso.png  used on input line 
1260.
(pdftex.def)             Requested size: 461.55623pt x 220.66049pt.

Overfull \hbox (1.73509pt too wide) in paragraph at lines 1259--1261
 [][] 
 []


Overfull \hbox (6.31212pt too wide) in paragraph at lines 1259--1261
 [][] 
 []

[57 <./images/front/Metricas-Performance.png> <./images/front/Metricas-Fairness
.png>]
<images/front/Planejamento.png, id=980, 1155.1155pt x 548.64975pt>
File: images/front/Planejamento.png Graphic file (type png)
<use images/front/Planejamento.png>
Package pdftex.def Info: images/front/Planejamento.png  used on input line 1271
.
(pdftex.def)             Requested size: 462.03801pt x 219.45601pt.
<images/front/Planejamento-Sucesso.png, id=981, 1153.30875pt x 567.3195pt>
File: images/front/Planejamento-Sucesso.png Graphic file (type png)
<use images/front/Planejamento-Sucesso.png>
Package pdftex.def Info: images/front/Planejamento-Sucesso.png  used on input l
ine 1272.
(pdftex.def)             Requested size: 461.31532pt x 226.92378pt.

Overfull \hbox (6.7939pt too wide) in paragraph at lines 1271--1273
 [][] 
 []


Overfull \hbox (6.07121pt too wide) in paragraph at lines 1271--1273
 [][] 
 []

[58 <./images/front/Metricas-Erro.png> <./images/front/Metricas-Sucesso.png>]
[59 <./images/front/Planejamento.png> <./images/front/Planejamento-Sucesso.png>
]
<images/front/Pipeline-Manual-Parametros.png, id=1000, 1154.51324pt x 546.843pt
>
File: images/front/Pipeline-Manual-Parametros.png Graphic file (type png)
<use images/front/Pipeline-Manual-Parametros.png>
Package pdftex.def Info: images/front/Pipeline-Manual-Parametros.png  used on i
nput line 1285.
(pdftex.def)             Requested size: 404.0857pt x 191.3979pt.
<images/front/Pipeline-Manual-Execucao.png, id=1001, 1147.8885pt x 546.24075pt>

File: images/front/Pipeline-Manual-Execucao.png Graphic file (type png)
<use images/front/Pipeline-Manual-Execucao.png>
Package pdftex.def Info: images/front/Pipeline-Manual-Execucao.png  used on inp
ut line 1287.
(pdftex.def)             Requested size: 410.36703pt x 195.27959pt.
 [60 <./images/front/Pipeline-Manual-Parametros.png> <./images/front/Pipeline-M
anual-Execucao.png>]
<images/front/Pipeline-Manual-Resultado-Parametros.png, id=1013, 1138.2525pt x 
561.297pt>
File: images/front/Pipeline-Manual-Resultado-Parametros.png Graphic file (type 
png)
<use images/front/Pipeline-Manual-Resultado-Parametros.png>
Package pdftex.def Info: images/front/Pipeline-Manual-Resultado-Parametros.png 
 used on input line 1296.
(pdftex.def)             Requested size: 455.29294pt x 224.51482pt.
<images/front/Pipeline-Manual-Resultado-Pontuacao.png, id=1014, 1153.911pt x 47
3.3685pt>
File: images/front/Pipeline-Manual-Resultado-Pontuacao.png Graphic file (type p
ng)
<use images/front/Pipeline-Manual-Resultado-Pontuacao.png>
Package pdftex.def Info: images/front/Pipeline-Manual-Resultado-Pontuacao.png  
used on input line 1297.
(pdftex.def)             Requested size: 461.55623pt x 189.34404pt.

Overfull \hbox (6.31212pt too wide) in paragraph at lines 1296--1298
 [][] 
 []

<images/front/Pipeline-Manual-Resultado-Metricas-Performance.png, id=1015, 1150
.89975pt x 531.1845pt>
File: images/front/Pipeline-Manual-Resultado-Metricas-Performance.png Graphic f
ile (type png)
<use images/front/Pipeline-Manual-Resultado-Metricas-Performance.png>
Package pdftex.def Info: images/front/Pipeline-Manual-Resultado-Metricas-Perfor
mance.png  used on input line 1304.
(pdftex.def)             Requested size: 460.35175pt x 212.47002pt.
<images/front/Pipeline-Manual-Resultado-Metricas-Fairness.png, id=1016, 1155.11
55pt x 520.94624pt>
File: images/front/Pipeline-Manual-Resultado-Metricas-Fairness.png Graphic file
 (type png)
<use images/front/Pipeline-Manual-Resultado-Metricas-Fairness.png>
Package pdftex.def Info: images/front/Pipeline-Manual-Resultado-Metricas-Fairne
ss.png  used on input line 1305.
(pdftex.def)             Requested size: 462.03801pt x 208.3748pt.

Overfull \hbox (5.10764pt too wide) in paragraph at lines 1304--1306
 [][] 
 []


Overfull \hbox (6.7939pt too wide) in paragraph at lines 1304--1306
 [][] 
 []

[61 <./images/front/Pipeline-Manual-Resultado-Parametros.png> <./images/front/P
ipeline-Manual-Resultado-Pontuacao.png>]
<images/front/Pipeline-Autonomo-Parametros.png, id=1027, 1156.32pt x 344.487pt>

File: images/front/Pipeline-Autonomo-Parametros.png Graphic file (type png)
<use images/front/Pipeline-Autonomo-Parametros.png>
Package pdftex.def Info: images/front/Pipeline-Autonomo-Parametros.png  used on
 input line 1316.
(pdftex.def)             Requested size: 462.5198pt x 137.79234pt.
<images/front/Pipeline-Autonomo-Analise.png, id=1028, 1154.51324pt x 555.87675p
t>
File: images/front/Pipeline-Autonomo-Analise.png Graphic file (type png)
<use images/front/Pipeline-Autonomo-Analise.png>
Package pdftex.def Info: images/front/Pipeline-Autonomo-Analise.png  used on in
put line 1317.
(pdftex.def)             Requested size: 461.79712pt x 222.34676pt.

Overfull \hbox (7.2757pt too wide) in paragraph at lines 1316--1318
 [][] 
 []


Overfull \hbox (6.55301pt too wide) in paragraph at lines 1316--1318
 [][] 
 []

[62 <./images/front/Pipeline-Manual-Resultado-Metricas-Performance.png> <./imag
es/front/Pipeline-Manual-Resultado-Metricas-Fairness.png>]
<images/front/Pipeline-Autonomo-Selecao.png, id=1041, 1142.46825pt x 558.28575p
t>
File: images/front/Pipeline-Autonomo-Selecao.png Graphic file (type png)
<use images/front/Pipeline-Autonomo-Selecao.png>
Package pdftex.def Info: images/front/Pipeline-Autonomo-Selecao.png  used on in
put line 1326.
(pdftex.def)             Requested size: 456.9792pt x 223.31033pt.
<images/front/Pipeline-Autonomo-Selecao-Parametros.png, id=1042, 1142.46825pt x
 555.2745pt>
File: images/front/Pipeline-Autonomo-Selecao-Parametros.png Graphic file (type 
png)
<use images/front/Pipeline-Autonomo-Selecao-Parametros.png>
Package pdftex.def Info: images/front/Pipeline-Autonomo-Selecao-Parametros.png 
 used on input line 1327.
(pdftex.def)             Requested size: 456.9792pt x 222.10587pt.

Overfull \hbox (1.73509pt too wide) in paragraph at lines 1326--1328
 [][] 
 []


Overfull \hbox (1.73509pt too wide) in paragraph at lines 1326--1328
 [][] 
 []

[63 <./images/front/Pipeline-Autonomo-Parametros.png> <./images/front/Pipeline-
Autonomo-Analise.png>]
<images/front/Pipeline-Autonomo-Execucao.png, id=1053, 1156.92226pt x 319.79475
pt>
File: images/front/Pipeline-Autonomo-Execucao.png Graphic file (type png)
<use images/front/Pipeline-Autonomo-Execucao.png>
Package pdftex.def Info: images/front/Pipeline-Autonomo-Execucao.png  used on i
nput line 1337.
(pdftex.def)             Requested size: 462.76071pt x 127.91562pt.
<images/front/Pipeline-Autonomo-Resultado.png, id=1054, 1156.92226pt x 453.4942
5pt>
File: images/front/Pipeline-Autonomo-Resultado.png Graphic file (type png)
<use images/front/Pipeline-Autonomo-Resultado.png>
Package pdftex.def Info: images/front/Pipeline-Autonomo-Resultado.png  used on 
input line 1338.
(pdftex.def)             Requested size: 462.76071pt x 181.39449pt.

Overfull \hbox (7.5166pt too wide) in paragraph at lines 1337--1339
 [][] 
 []


Overfull \hbox (7.5166pt too wide) in paragraph at lines 1337--1339
 [][] 
 []

[64 <./images/front/Pipeline-Autonomo-Selecao.png> <./images/front/Pipeline-Aut
onomo-Selecao-Parametros.png>] [65 <./images/front/Pipeline-Autonomo-Execucao.p
ng> <./images/front/Pipeline-Autonomo-Resultado.png>] [66]
Cap\'{\i }tulo 4.
[67

] [68] [69]
Overfull \hbox (7.07068pt too wide) in paragraph at lines 1582--1583
[]\T1/cmr/m/n/12 Nos pi-pe-li-nes uti-li-zando ape-nas al-go-rit-mos com re-du-
o de vis no trei-na-mento, percebe-
 []

[70] [71] [72] [73] [74] [75] [76] [77]
Cap\'{\i }tulo 5.
(thesis.bbl [78

]
Underfull \hbox (badness 3240) in paragraph at lines 18--22
[]\T1/cmr/m/n/12 What's the dif-fe-rence between ar-ti-fi-cial in-tel-li-gence,
 ma-chine le-ar-ning and
 []


Underfull \hbox (badness 10000) in paragraph at lines 18--22
\T1/cmr/m/n/12 deep le-ar-ning?  URL [][]$\T1/cmtt/m/n/12 https : / / blogs . n
vidia . com / blog / 2016 / 07 / 29 /
 []


Overfull \hbox (39.17912pt too wide) in paragraph at lines 18--22
\T1/cmtt/m/n/12 whats-[]difference-[]artificial-[]intelligence-[]machine-[]lear
ning-[]deep-[]learning-[]ai/$[][]\T1/cmr/m/n/12 . 
 []


Underfull \hbox (badness 10000) in paragraph at lines 24--27
[]\T1/cmr/m/n/12 IBM - Analy-tics and AI ar-chi-tec-ture.  URL [][]$\T1/cmtt/m/
n/12 https : / / www . ibm .
 []


Underfull \hbox (badness 10000) in paragraph at lines 24--27
\T1/cmtt/m/n/12 com / cloud / architecture / architectures / aiAnalyticsArchite
cture /
 []


Underfull \hbox (badness 5592) in paragraph at lines 52--56
[]\T1/cmr/m/n/12 An ar-chi-tec-tu-ral blu-e-print for au-to-no-mic com-pu-ting.
  Te-ch-ni-cal re-port,
 []


Underfull \hbox (badness 6236) in paragraph at lines 64--68
[]\T1/cmr/m/n/12 Data en-gi-ne-e-ring - in-tro-duc-tion and epo-chs.  Te-ch-ni-
cal re-port, pa-no-
 []


Underfull \hbox (badness 10000) in paragraph at lines 70--73
[]\T1/cmr/m/n/12 Machine le-ar-ning: things are get-ting in-tense, 2018.  URL
 []


Underfull \hbox (badness 10000) in paragraph at lines 70--73
[][]$\T1/cmtt/m/n/12 https : / / www2 . deloitte . com / content / dam / Deloit
te / global /
 []


Underfull \hbox (badness 10000) in paragraph at lines 70--73
\T1/cmtt/m/n/12 Images / infographics / technologymediatelecommunications /
 []

[79

]
Underfull \hbox (badness 10000) in paragraph at lines 75--79
[]\T1/cmr/m/n/12 Brasil se des-taca com 42% das ini-ci-a-ti-vas de IA na Am-ri
ca La-
 []


Underfull \hbox (badness 10000) in paragraph at lines 75--79
\T1/cmr/m/n/12 tina, em 2020, 2021.  URL [][]$\T1/cmtt/m/n/12 https : / / cio .
 com . br / tendencias /
 []


Overfull \hbox (29.33214pt too wide) in paragraph at lines 75--79
\T1/cmtt/m/n/12 brasil-[]se-[]destaca-[]com-[]42-[]das-[]iniciativas-[]de-[]ia-
[]na-[]america-[]latina-[]em-[]2020/$[][]\T1/cmr/m/n/12 . 
 []

[80]
Underfull \hbox (badness 6978) in paragraph at lines 171--177
[]\T1/cmr/m/n/12 Flavio Cal-mon, Den-nis Wei, Bha-nu-ki-ran Vin-za-muri, Karthi
-keyan Na-te-
 []


Underfull \hbox (badness 3735) in paragraph at lines 171--177
\T1/cmr/m/n/12 san Ra-ma-murthy, and Kush R Varsh-ney.  Op-ti-mi-zed pre-proces
sing for
 []


Underfull \hbox (badness 3354) in paragraph at lines 171--177
\T1/cmr/m/n/12 dis-cri-mi-na-tion pre-ven-tion.  In \T1/cmr/m/it/12 Ad-van-ces 
in Neu-ral In-for-ma-tion Pro-ces-sing
 []


Underfull \hbox (badness 3138) in paragraph at lines 171--177
\T1/cmr/m/it/12 Sys-tems\T1/cmr/m/n/12 , 2017.  URL [][]$\T1/cmtt/m/n/12 https 
: / / proceedings . neurips . cc / paper / 2017 / file /
 []

[81]
Underfull \hbox (badness 1789) in paragraph at lines 267--272
[]\T1/cmr/m/n/12 Moritz Hardt, Eric Price, Eric Price, and Nati Sre-bro.  Equa-
lity of op-
 []


Underfull \hbox (badness 4832) in paragraph at lines 274--280
[]\T1/cmr/m/n/12 Faisal Ka-mi-ran and Toon Cal-ders.  Data pre-processing te-ch
-ni-ques for
 []


Underfull \hbox (badness 2772) in paragraph at lines 274--280
\T1/cmr/m/n/12 clas-si-fi-ca-tion without dis-cri-mi-na-tion.  \T1/cmr/m/it/12 
Kno-wledge and In-for-ma-tion Sys-tems\T1/cmr/m/n/12 ,
 []


Underfull \hbox (badness 3179) in paragraph at lines 274--280
\T1/cmr/m/n/12 2011.  URL [][]$\T1/cmtt/m/n/12 https : / / www . researchgate .
 net / publication / 228975972 _ Data _
 []


Underfull \hbox (badness 1466) in paragraph at lines 282--286
[]\T1/cmr/m/n/12 Faisal Ka-mi-ran, Asim Ka-rim, and Xi-an-gli-ang Zhang.  De-ci
-sion the-ory for
 []


Underfull \hbox (badness 10000) in paragraph at lines 308--312
[]\T1/cmr/m/n/12 Bahador Kha-legi.  The how of ex-plai-na-ble ai: Ex-plai-na-
 []


Underfull \hbox (badness 10000) in paragraph at lines 308--312
\T1/cmr/m/n/12 ble mo-del-ling, 2019.  URL [][]$\T1/cmtt/m/n/12 https : / / tow
ardsdatascience . com /
 []


Underfull \hbox (badness 10000) in paragraph at lines 314--319
[]\T1/cmr/m/n/12 Bahador Kha-legi.  The how of ex-plai-na-ble ai: Post-modellin
g
 []


Underfull \hbox (badness 10000) in paragraph at lines 314--319
\T1/cmr/m/n/12 ex-plai-na-bi-lity, 2019.  URL [][]$\T1/cmtt/m/n/12 https : / / 
towardsdatascience . com /
 []

[82]
Underfull \hbox (badness 10000) in paragraph at lines 321--326
[]\T1/cmr/m/n/12 Bahador Kha-legi.  The how of ex-plai-na-ble ai: Pre-modelling

 []


Underfull \hbox (badness 10000) in paragraph at lines 321--326
\T1/cmr/m/n/12 ex-plai-na-bi-lity, 2019.  URL [][]$\T1/cmtt/m/n/12 https : / / 
towardsdatascience . com /
 []

[83]
Underfull \hbox (badness 10000) in paragraph at lines 453--458
\T1/cmtt/m/n/12 seminar / RKHS / pdf / Support % 20Vector % 20Machines % 20-[] 
% 20Ingo % 20Steinwart ,[]
 []


Underfull \hbox (badness 2818) in paragraph at lines 480--485
[]\T1/cmr/m/n/12 Ian H. Wit-ten, Eibe Frank, and Mark A. Hall.  \T1/cmr/m/it/12
 Data Mi-ning: Prac-
 []


Underfull \hbox (badness 5175) in paragraph at lines 480--485
\T1/cmr/m/it/12 ti-cal ma-chine le-ar-ning to-ols and te-ch-ni-ques\T1/cmr/m/n/
12 .  Mor-gan Kauf-mann, 2016.
 []


Underfull \hbox (badness 10000) in paragraph at lines 480--485
\T1/cmr/m/n/12 URL [][]$\T1/cmtt/m/n/12 https : / / www . wi . hs-[]wismar . de
 / ~cleve / vorl / projects / dm / ss13 /
 []

[84]
Underfull \hbox (badness 2173) in paragraph at lines 501--506
[]\T1/cmr/m/n/12 Brian Zhang, Blake Le-moine, and Mar-ga-ret Mit-chell.  Mi-ti-
ga-ting unwan-
 []


Underfull \hbox (badness 1436) in paragraph at lines 501--506
\T1/cmr/m/n/12 ted bi-a-ses with ad-ver-sa-rial le-ar-ning.  pa-ges 335--340, 2
018.  URL [][]$\T1/cmtt/m/n/12 https :
 []


Underfull \hbox (badness 10000) in paragraph at lines 501--506
\T1/cmtt/m/n/12 / / www . researchgate . net / publication / 330299272 _ Mitiga
ting _ Unwanted _
 []

) [85]
Ap\^endice A.
<images/phases.jpeg, id=1263, 1606.0pt x 1337.99875pt>
File: images/phases.jpeg Graphic file (type jpg)
<use images/phases.jpeg>
Package pdftex.def Info: images/phases.jpeg  used on input line 2024.
(pdftex.def)             Requested size: 321.19432pt x 267.59502pt.
[86

 <./images/phases.jpeg>] [87]
("C:\Program Files\MiKTeX\tex/latex/listings\lstlang1.sty"
File: lstlang1.sty 2020/03/24 1.8d listings language file
) [88] [89]

Package natbib Warning: There were undefined citations.

[90]
Package atveryend Info: Empty hook `BeforeClearDocument' on input line 2125.
Package atveryend Info: Empty hook `AfterLastShipout' on input line 2125.
 (thesis.aux)
Package atveryend Info: Executing hook `AtVeryEndDocument' on input line 2125.
Package atveryend Info: Executing hook `AtEndAfterFileList' on input line 2125.

Package rerunfilecheck Info: File `thesis.out' has not changed.
(rerunfilecheck)             Checksum: F5702E184F470743E77310780CCF60DA;2693.
 ) 
Here is how much of TeX's memory you used:
 27302 strings out of 480790
 509467 string characters out of 2907017
 1460882 words of memory out of 3000000
 42201 multiletter control sequences out of 15000+200000
 555564 words of font info for 77 fonts, out of 3000000 for 9000
 1141 hyphenation exceptions out of 8191
 76i,19n,74p,1593b,2518s stack positions out of 5000i,500n,10000p,200000b,50000s
 <C:\Users\Thales E. Nazatto\AppData\Local\MiKTeX\fonts/pk/ljfour/jknappen/ec
/dpi600\ectt1200.pk> <C:\Users\Thales E. Nazatto\AppData\Local\MiKTeX\fonts/pk/
ljfour/jknappen/ec/dpi600\ecrm1000.pk> <C:\Users\Thales E. Nazatto\AppData\Loca
l\MiKTeX\fonts/pk/ljfour/jknappen/ec/dpi600\ectt1000.pk> <C:\Users\Thales E. Na
zatto\AppData\Local\MiKTeX\fonts/pk/ljfour/jknappen/ec/dpi600\ecrm0600.pk> <C:\
Users\Thales E. Nazatto\AppData\Local\MiKTeX\fonts/pk/ljfour/jknappen/ec/dpi600
\ecbi1200.pk> <C:\Users\Thales E. Nazatto\AppData\Local\MiKTeX\fonts/pk/ljfour/
jknappen/ec/dpi600\ecbx0800.pk> <C:\Users\Thales E. Nazatto\AppData\Local\MiKTe
X\fonts/pk/ljfour/jknappen/ec/dpi600\tcrm1200.pk> <C:\Users\Thales E. Nazatto\A
ppData\Local\MiKTeX\fonts/pk/ljfour/jknappen/ec/dpi600\ecsl1200.pk> <C:\Users\T
hales E. Nazatto\AppData\Local\MiKTeX\fonts/pk/ljfour/jknappen/ec/dpi600\ecbx24
88.pk> <C:\Users\Thales E. Nazatto\AppData\Local\MiKTeX\fonts/pk/ljfour/jknappe
n/ec/dpi600\ecti1200.pk> <C:\Users\Thales E. Nazatto\AppData\Local\MiKTeX\fonts
/pk/ljfour/jknappen/ec/dpi600\ecrm1200.pk> <C:\Users\Thales E. Nazatto\AppData\
Local\MiKTeX\fonts/pk/ljfour/jknappen/ec/dpi600\ecbi1440.pk> <C:\Users\Thales E
. Nazatto\AppData\Local\MiKTeX\fonts/pk/ljfour/jknappen/ec/dpi600\ecbx1440.pk> 
<C:\Users\Thales E. Nazatto\AppData\Local\MiKTeX\fonts/pk/ljfour/jknappen/ec/dp
i600\ecrm1440.pk> <C:\Users\Thales E. Nazatto\AppData\Local\MiKTeX\fonts/pk/ljf
our/jknappen/ec/dpi600\ecbi1728.pk> <C:\Users\Thales E. Nazatto\AppData\Local\M
iKTeX\fonts/pk/ljfour/jknappen/ec/dpi600\ecbx1728.pk> <C:\Users\Thales E. Nazat
to\AppData\Local\MiKTeX\fonts/pk/ljfour/jknappen/ec/dpi600\ecsx0700.pk> <C:\Use
rs\Thales E. Nazatto\AppData\Local\MiKTeX\fonts/pk/ljfour/jknappen/ec/dpi600\ec
bx1200.pk><C:/Program Files/MiKTeX/fonts/type1/public/amsfonts/cm/cmex10.pfb><C
:/Program Files/MiKTeX/fonts/type1/public/amsfonts/cm/cmmi12.pfb><C:/Program Fi
les/MiKTeX/fonts/type1/public/amsfonts/cm/cmmi6.pfb><C:/Program Files/MiKTeX/fo
nts/type1/public/amsfonts/cm/cmmi8.pfb><C:/Program Files/MiKTeX/fonts/type1/pub
lic/amsfonts/cm/cmr12.pfb><C:/Program Files/MiKTeX/fonts/type1/public/amsfonts/
cm/cmr8.pfb><C:/Program Files/MiKTeX/fonts/type1/public/amsfonts/cm/cmsy10.pfb>
<C:/Program Files/MiKTeX/fonts/type1/public/amsfonts/cm/cmsy6.pfb><C:/Program F
iles/MiKTeX/fonts/type1/public/amsfonts/cm/cmsy8.pfb>
Output written on thesis.pdf (90 pages, 6052497 bytes).
PDF statistics:
 2257 PDF objects out of 2487 (max. 8388607)
 483 named destinations out of 1000 (max. 500000)
 495 words of extra memory for PDF output out of 10000 (max. 10000000)

