\BOOKMARK [1][-]{section.1}{Conceitos}{}% 1
\BOOKMARK [1][-]{section.2}{M\351tricas}{}% 2
\BOOKMARK [2][-]{subsection.2.1}{M\351tricas primitivas}{section.2}% 3
\BOOKMARK [2][-]{subsection.2.2}{M\351tricas compostas}{section.2}% 4
\BOOKMARK [1][-]{section.3}{Algoritmos}{}% 5
\BOOKMARK [2][-]{subsection.3.1}{Pr\351-processamento}{section.3}% 6
\BOOKMARK [2][-]{subsection.3.2}{Processamento}{section.3}% 7
\BOOKMARK [2][-]{subsection.3.3}{P\363s-processamento}{section.3}% 8
\BOOKMARK [1][-]{section.4}{Exemplo de Problema}{}% 9
\BOOKMARK [1][-]{section.5}{Papeis de pessoas em ML}{}% 10
\BOOKMARK [2][-]{subsection.5.1}{Diagrama de atividades}{section.5}% 11
\BOOKMARK [2][-]{subsection.5.2}{Cargos}{section.5}% 12
\BOOKMARK [2][-]{subsection.5.3}{Conte\372do}{section.5}% 13
\BOOKMARK [1][-]{section.6}{Arquitetura Pipes and Filters em ML}{}% 14
\BOOKMARK [2][-]{subsection.6.1}{Pipes e Filtros}{section.6}% 15
\BOOKMARK [2][-]{subsection.6.2}{Fluent API}{section.6}% 16
\BOOKMARK [2][-]{subsection.6.3}{Conte\372do}{section.6}% 17
\BOOKMARK [1][-]{section.7}{Ataques e seguran\347a}{}% 18
\BOOKMARK [2][-]{subsection.7.1}{Poss\355veis solu\347\365es}{section.7}% 19
\BOOKMARK [2][-]{subsection.7.2}{Conte\372do}{section.7}% 20
